Using pre-set license

 COMMAND LINE ARGUMENTS:
/Applications/Unity/Hub/Editor/2021.1.10f1/Unity.app/Contents/MacOS/Unity
-adb2
-batchMode
-noUpm
-name
AssetImportWorker0
-projectPath
/Users/cesargarcia/Documents/GitHub/super_mecha_kaiju_dodgeball
-logFile
Logs/AssetImportWorker0.log
-srvPort
49447
Successfully changed project path to: /Users/cesargarcia/Documents/GitHub/super_mecha_kaiju_dodgeball
/Users/cesargarcia/Documents/GitHub/super_mecha_kaiju_dodgeball
Using Asset Import Pipeline V2.
Refreshing native plugins compatible for Editor in 83.67 ms, found 2 plugins.
Preloading 0 native plugins for Editor in 0.00 ms.
Initialize engine version: 2021.1.10f1 (b15f561b2cef)
[Subsystems] Discovering subsystems at path /Applications/Unity/Hub/Editor/2021.1.10f1/Unity.app/Contents/Resources/UnitySubsystems
[Subsystems] Discovering subsystems at path /Users/cesargarcia/Documents/GitHub/super_mecha_kaiju_dodgeball/Assets
GfxDevice: creating device client; threaded=0; jobified=0
2021-07-28 00:54:07.040 Unity[1426:31653] Color LCD preferred device: Intel(R) Iris(TM) Plus Graphics 645 (low power)
2021-07-28 00:54:07.040 Unity[1426:31653] Metal devices available: 1
2021-07-28 00:54:07.040 Unity[1426:31653] 0: Intel(R) Iris(TM) Plus Graphics 645 (low power)
2021-07-28 00:54:07.041 Unity[1426:31653] Using device Intel(R) Iris(TM) Plus Graphics 645 (low power)
Initializing Metal device caps: Intel(R) Iris(TM) Plus Graphics 645
Initialize mono
Mono path[0] = '/Applications/Unity/Hub/Editor/2021.1.10f1/Unity.app/Contents/Managed'
Mono path[1] = '/Applications/Unity/Hub/Editor/2021.1.10f1/Unity.app/Contents/MonoBleedingEdge/lib/mono/unityjit'
Mono config path = '/Applications/Unity/Hub/Editor/2021.1.10f1/Unity.app/Contents/MonoBleedingEdge/etc'
Using monoOptions --debugger-agent=transport=dt_socket,embedding=1,server=y,suspend=n,address=127.0.0.1:56426
Begin MonoManager ReloadAssembly
Registering precompiled unity dll's ...
Register platform support module: /Applications/Unity/Hub/Editor/2021.1.10f1/PlaybackEngines/WebGLSupport/UnityEditor.WebGL.Extensions.dll
Register platform support module: /Applications/Unity/Hub/Editor/2021.1.10f1/Unity.app/Contents/PlaybackEngines/MacStandaloneSupport/UnityEditor.OSXStandalone.Extensions.dll
Registered in 0.004067 seconds.
Native extension for OSXStandalone target not found
Native extension for WebGL target not found
Refreshing native plugins compatible for Editor in 74.81 ms, found 2 plugins.
Preloading 0 native plugins for Editor in 0.00 ms.
Mono: successfully reloaded assembly
- Completed reload, in  3.690 seconds
Domain Reload Profiling:
	ReloadAssembly (3690ms)
		BeginReloadAssembly (51ms)
			ExecutionOrderSort (0ms)
			DisableScriptedObjects (0ms)
			BackupInstance (0ms)
			ReleaseScriptingObjects (0ms)
			CreateAndSetChildDomain (1ms)
		EndReloadAssembly (597ms)
			LoadAssemblies (52ms)
			RebuildTransferFunctionScriptingTraits (0ms)
			SetupTypeCache (240ms)
			ReleaseScriptCaches (0ms)
			RebuildScriptCaches (43ms)
			SetupLoadedEditorAssemblies (261ms)
				LogAssemblyErrors (0ms)
				InitializePlatformSupportModulesInManaged (8ms)
				SetLoadedEditorAssemblies (0ms)
				RefreshPlugins (75ms)
				BeforeProcessingInitializeOnLoad (1ms)
				ProcessInitializeOnLoadAttributes (140ms)
				ProcessInitializeOnLoadMethodAttributes (36ms)
				AfterProcessingInitializeOnLoad (0ms)
				EditorAssembliesLoaded (0ms)
			ExecutionOrderSort2 (0ms)
			AwakeInstancesAfterBackupRestoration (0ms)
Platform modules already initialized, skipping
Registering precompiled user dll's ...
Registered in 0.009256 seconds.
Begin MonoManager ReloadAssembly
Native extension for OSXStandalone target not found
Native extension for WebGL target not found
Refreshing native plugins compatible for Editor in 73.32 ms, found 2 plugins.
Preloading 0 native plugins for Editor in 0.00 ms.
System.Reflection.ReflectionTypeLoadException: Exception of type 'System.Reflection.ReflectionTypeLoadException' was thrown.
  at (wrapper managed-to-native) System.Reflection.Assembly.GetTypes(System.Reflection.Assembly,bool)
  at System.Reflection.Assembly.GetTypes () [0x00000] in <695d1cc93cca45069c528c15c9fdd749>:0 
  at AssetIcons.Editors.AssetIconTools.BuildIconDatabase () [0x0001b] in /Users/cesargarcia/Documents/GitHub/super_mecha_kaiju_dodgeball/Assets/Store/AssetIcons/Scripts/Editor/AssetIconTools.cs:248 
  at AssetIcons.Editors.AssetIconTools..cctor () [0x00029] in /Users/cesargarcia/Documents/GitHub/super_mecha_kaiju_dodgeball/Assets/Store/AssetIcons/Scripts/Editor/AssetIconTools.cs:84 
UnityEngine.StackTraceUtility:ExtractStackTrace () (at /Users/bokken/buildslave/unity/build/Runtime/Export/Scripting/StackTrace.cs:37)
UnityEngine.DebugLogHandler:LogFormat (UnityEngine.LogType,UnityEngine.Object,string,object[])
UnityEngine.Logger:Log (UnityEngine.LogType,object)
UnityEngine.Debug:LogError (object)
UnityEditor.EditorAssemblies:ProcessInitializeOnLoadAttributes (System.Type[]) (at /Users/bokken/buildslave/unity/build/Editor/Mono/EditorAssemblies.cs:138)

(Filename: /Users/bokken/buildslave/unity/build/Editor/Mono/EditorAssemblies.cs Line: 138)

Mono: successfully reloaded assembly
- Completed reload, in  2.340 seconds
Domain Reload Profiling:
	ReloadAssembly (2341ms)
		BeginReloadAssembly (188ms)
			ExecutionOrderSort (0ms)
			DisableScriptedObjects (5ms)
			BackupInstance (0ms)
			ReleaseScriptingObjects (0ms)
			CreateAndSetChildDomain (39ms)
		EndReloadAssembly (2077ms)
			LoadAssemblies (121ms)
			RebuildTransferFunctionScriptingTraits (0ms)
			SetupTypeCache (463ms)
			ReleaseScriptCaches (1ms)
			RebuildScriptCaches (86ms)
			SetupLoadedEditorAssemblies (1268ms)
				LogAssemblyErrors (0ms)
				InitializePlatformSupportModulesInManaged (5ms)
				SetLoadedEditorAssemblies (0ms)
				RefreshPlugins (73ms)
				BeforeProcessingInitializeOnLoad (59ms)
				ProcessInitializeOnLoadAttributes (1090ms)
				ProcessInitializeOnLoadMethodAttributes (40ms)
				AfterProcessingInitializeOnLoad (1ms)
				EditorAssembliesLoaded (0ms)
			ExecutionOrderSort2 (0ms)
			AwakeInstancesAfterBackupRestoration (8ms)
Platform modules already initialized, skipping
========================================================================
Worker process is ready to serve import requests
Launching external process: /Applications/Unity/Hub/Editor/2021.1.10f1/Unity.app/Contents/Tools/UnityShaderCompiler
Launched and connected shader compiler UnityShaderCompiler after 0.03 seconds
Refreshing native plugins compatible for Editor in 1.00 ms, found 2 plugins.
Preloading 0 native plugins for Editor in 0.00 ms.
Unloading 2785 Unused Serialized files (Serialized files now loaded: 0)
System memory in use before: 215.9 MB.
System memory in use after: 216.1 MB.

Unloading 61 unused Assets to reduce memory usage. Loaded Objects now: 3211.
Total: 6.328347 ms (FindLiveObjects: 0.227187 ms CreateObjectMapping: 0.120853 ms MarkObjects: 5.902005 ms  DeleteObjects: 0.077018 ms)

AssetImportParameters requested are different than current active one (requested -> active):
  custom:video-decoder-ogg-theora: a1e56fd34408186e4bbccfd4996cb3dc -> 
  custom:container-muxer-webm: aa71ff27fc2769a1b78a27578f13a17b -> 
  custom:container-demuxer-webm: 4f35f7cbe854078d1ac9338744f61a02 -> 
  custom:container-demuxer-ogg: 62fdf1f143b41e24485cea50d1cbac27 -> 
  custom:video-encoder-webm-vp8: eb34c28f22e8b96e1ab97ce403110664 -> 
  custom:framework-osx-AVFoundation: b23960f63f64bdc6ff669e2cdcee2391 -> 
  custom:video-decoder-webm-vp8: 9c59270c3fd7afecdb556c50c9e8de78 -> 
  custom:audio-decoder-ogg-vorbis: bf7c407c2cedff20999df2af8eb42d56 -> 
  custom:audio-encoder-webm-vorbis: bf7c407c2cedff20999df2af8eb42d56 -> 
========================================================================
Received Import Request.
  path: Assets/Resources/platformer/3d-models/FrogGuy.fbx
  artifactKey: Guid(23e29b8ac90d84e8a8508f9d5a30d779) Importer(815301076,1909f56bfc062723c751e8b465ee728b)
Start importing Assets/Resources/platformer/3d-models/FrogGuy.fbx using Guid(23e29b8ac90d84e8a8508f9d5a30d779) Importer(815301076,1909f56bfc062723c751e8b465ee728b)  -> (artifact id: 'ddbe197db560d3c152677cb3a1eacec6') in 0.617774 seconds 
========================================================================
Received Import Request.
  Time since last request: 123.072399 seconds.
  path: Assets/Resources/platformer/animator/frog-guy.controller
  artifactKey: Guid(00e33ea941f3e4edeb674af6560c8e0e) Importer(815301076,1909f56bfc062723c751e8b465ee728b)
Start importing Assets/Resources/platformer/animator/frog-guy.controller using Guid(00e33ea941f3e4edeb674af6560c8e0e) Importer(815301076,1909f56bfc062723c751e8b465ee728b)  -> (artifact id: '5d912982028d416050063a5127fc9cbf') in 0.163945 seconds 
========================================================================
Received Import Request.
  Time since last request: 285.112637 seconds.
  path: Assets/Resources/platformer/3d-models/FrogGuy.fbx
  artifactKey: Guid(23e29b8ac90d84e8a8508f9d5a30d779) Importer(815301076,1909f56bfc062723c751e8b465ee728b)
Start importing Assets/Resources/platformer/3d-models/FrogGuy.fbx using Guid(23e29b8ac90d84e8a8508f9d5a30d779) Importer(815301076,1909f56bfc062723c751e8b465ee728b)  -> (artifact id: '613dcb73b57ee6c5e49752cd3917804d') in 0.277143 seconds 
========================================================================
Received Import Request.
  Time since last request: 63.553763 seconds.
  path: Assets/Resources/platformer/animator/player.controller
  artifactKey: Guid(7eda9b3486f644d54aee6313ba5d0d92) Importer(815301076,1909f56bfc062723c751e8b465ee728b)
Start importing Assets/Resources/platformer/animator/player.controller using Guid(7eda9b3486f644d54aee6313ba5d0d92) Importer(815301076,1909f56bfc062723c751e8b465ee728b)  -> (artifact id: '9758085218bdad53f6c6026a53acba32') in 0.028150 seconds 
========================================================================
Received Import Request.
  Time since last request: 361.569760 seconds.
  path: Assets/Resources/platformer/3d-models/FrogGuy.fbx
  artifactKey: Guid(23e29b8ac90d84e8a8508f9d5a30d779) Importer(815301076,1909f56bfc062723c751e8b465ee728b)
Start importing Assets/Resources/platformer/3d-models/FrogGuy.fbx using Guid(23e29b8ac90d84e8a8508f9d5a30d779) Importer(815301076,1909f56bfc062723c751e8b465ee728b)  -> (artifact id: '09451dde08994c49b264844577775dc1') in 0.247909 seconds 
========================================================================
Received Import Request.
  Time since last request: 230.007426 seconds.
  path: Assets/Resources/platformer/animator/frog-guy.controller
  artifactKey: Guid(00e33ea941f3e4edeb674af6560c8e0e) Importer(815301076,1909f56bfc062723c751e8b465ee728b)
Start importing Assets/Resources/platformer/animator/frog-guy.controller using Guid(00e33ea941f3e4edeb674af6560c8e0e) Importer(815301076,1909f56bfc062723c751e8b465ee728b)  -> (artifact id: 'ff3556f7fc6b5b53c329f3aa6a02d8c7') in 0.011375 seconds 
========================================================================
Received Import Request.
  Time since last request: 3934.554511 seconds.
  path: Assets/Resources/platformer/animator/player.controller
  artifactKey: Guid(7eda9b3486f644d54aee6313ba5d0d92) Importer(815301076,1909f56bfc062723c751e8b465ee728b)
Start importing Assets/Resources/platformer/animator/player.controller using Guid(7eda9b3486f644d54aee6313ba5d0d92) Importer(815301076,1909f56bfc062723c751e8b465ee728b)  -> (artifact id: '60bcb8e9d20d5b6abbaa875e60ed2d7d') in 0.022963 seconds 
========================================================================
Received Import Request.
  Time since last request: 740.647199 seconds.
  path: Assets/Resources/platformer/animator/frog-guy.controller
  artifactKey: Guid(00e33ea941f3e4edeb674af6560c8e0e) Importer(815301076,1909f56bfc062723c751e8b465ee728b)
Start importing Assets/Resources/platformer/animator/frog-guy.controller using Guid(00e33ea941f3e4edeb674af6560c8e0e) Importer(815301076,1909f56bfc062723c751e8b465ee728b)  -> (artifact id: '1bfbb327403331798be92b84c5d2438a') in 0.012720 seconds 
========================================================================
Received Import Request.
  Time since last request: 108.861098 seconds.
  path: Assets/Resources/platformer/3d-models/FrogGuy.fbx
  artifactKey: Guid(23e29b8ac90d84e8a8508f9d5a30d779) Importer(815301076,1909f56bfc062723c751e8b465ee728b)
Start importing Assets/Resources/platformer/3d-models/FrogGuy.fbx using Guid(23e29b8ac90d84e8a8508f9d5a30d779) Importer(815301076,1909f56bfc062723c751e8b465ee728b)  -> (artifact id: '1e49ee63b63ca82c43a34a303908e33b') in 0.246325 seconds 
