Using pre-set license

 COMMAND LINE ARGUMENTS:
/Applications/Unity/Hub/Editor/2021.1.10f1/Unity.app/Contents/MacOS/Unity
-adb2
-batchMode
-noUpm
-name
AssetImportWorker0
-projectPath
/Users/cesargarcia/Documents/GitHub/super_mecha_kaiju_dodgeball
-logFile
Logs/AssetImportWorker0.log
-srvPort
49447
Successfully changed project path to: /Users/cesargarcia/Documents/GitHub/super_mecha_kaiju_dodgeball
/Users/cesargarcia/Documents/GitHub/super_mecha_kaiju_dodgeball
Using Asset Import Pipeline V2.
Refreshing native plugins compatible for Editor in 83.67 ms, found 2 plugins.
Preloading 0 native plugins for Editor in 0.00 ms.
Initialize engine version: 2021.1.10f1 (b15f561b2cef)
[Subsystems] Discovering subsystems at path /Applications/Unity/Hub/Editor/2021.1.10f1/Unity.app/Contents/Resources/UnitySubsystems
[Subsystems] Discovering subsystems at path /Users/cesargarcia/Documents/GitHub/super_mecha_kaiju_dodgeball/Assets
GfxDevice: creating device client; threaded=0; jobified=0
2021-07-28 00:54:07.040 Unity[1426:31653] Color LCD preferred device: Intel(R) Iris(TM) Plus Graphics 645 (low power)
2021-07-28 00:54:07.040 Unity[1426:31653] Metal devices available: 1
2021-07-28 00:54:07.040 Unity[1426:31653] 0: Intel(R) Iris(TM) Plus Graphics 645 (low power)
2021-07-28 00:54:07.041 Unity[1426:31653] Using device Intel(R) Iris(TM) Plus Graphics 645 (low power)
Initializing Metal device caps: Intel(R) Iris(TM) Plus Graphics 645
Initialize mono
Mono path[0] = '/Applications/Unity/Hub/Editor/2021.1.10f1/Unity.app/Contents/Managed'
Mono path[1] = '/Applications/Unity/Hub/Editor/2021.1.10f1/Unity.app/Contents/MonoBleedingEdge/lib/mono/unityjit'
Mono config path = '/Applications/Unity/Hub/Editor/2021.1.10f1/Unity.app/Contents/MonoBleedingEdge/etc'
Using monoOptions --debugger-agent=transport=dt_socket,embedding=1,server=y,suspend=n,address=127.0.0.1:56426
Begin MonoManager ReloadAssembly
Registering precompiled unity dll's ...
Register platform support module: /Applications/Unity/Hub/Editor/2021.1.10f1/PlaybackEngines/WebGLSupport/UnityEditor.WebGL.Extensions.dll
Register platform support module: /Applications/Unity/Hub/Editor/2021.1.10f1/Unity.app/Contents/PlaybackEngines/MacStandaloneSupport/UnityEditor.OSXStandalone.Extensions.dll
Registered in 0.004067 seconds.
Native extension for OSXStandalone target not found
Native extension for WebGL target not found
Refreshing native plugins compatible for Editor in 74.81 ms, found 2 plugins.
Preloading 0 native plugins for Editor in 0.00 ms.
Mono: successfully reloaded assembly
- Completed reload, in  3.690 seconds
Domain Reload Profiling:
	ReloadAssembly (3690ms)
		BeginReloadAssembly (51ms)
			ExecutionOrderSort (0ms)
			DisableScriptedObjects (0ms)
			BackupInstance (0ms)
			ReleaseScriptingObjects (0ms)
			CreateAndSetChildDomain (1ms)
		EndReloadAssembly (597ms)
			LoadAssemblies (52ms)
			RebuildTransferFunctionScriptingTraits (0ms)
			SetupTypeCache (240ms)
			ReleaseScriptCaches (0ms)
			RebuildScriptCaches (43ms)
			SetupLoadedEditorAssemblies (261ms)
				LogAssemblyErrors (0ms)
				InitializePlatformSupportModulesInManaged (8ms)
				SetLoadedEditorAssemblies (0ms)
				RefreshPlugins (75ms)
				BeforeProcessingInitializeOnLoad (1ms)
				ProcessInitializeOnLoadAttributes (140ms)
				ProcessInitializeOnLoadMethodAttributes (36ms)
				AfterProcessingInitializeOnLoad (0ms)
				EditorAssembliesLoaded (0ms)
			ExecutionOrderSort2 (0ms)
			AwakeInstancesAfterBackupRestoration (0ms)
Platform modules already initialized, skipping
Registering precompiled user dll's ...
Registered in 0.009256 seconds.
Begin MonoManager ReloadAssembly
Native extension for OSXStandalone target not found
Native extension for WebGL target not found
Refreshing native plugins compatible for Editor in 73.32 ms, found 2 plugins.
Preloading 0 native plugins for Editor in 0.00 ms.
System.Reflection.ReflectionTypeLoadException: Exception of type 'System.Reflection.ReflectionTypeLoadException' was thrown.
  at (wrapper managed-to-native) System.Reflection.Assembly.GetTypes(System.Reflection.Assembly,bool)
  at System.Reflection.Assembly.GetTypes () [0x00000] in <695d1cc93cca45069c528c15c9fdd749>:0 
  at AssetIcons.Editors.AssetIconTools.BuildIconDatabase () [0x0001b] in /Users/cesargarcia/Documents/GitHub/super_mecha_kaiju_dodgeball/Assets/Store/AssetIcons/Scripts/Editor/AssetIconTools.cs:248 
  at AssetIcons.Editors.AssetIconTools..cctor () [0x00029] in /Users/cesargarcia/Documents/GitHub/super_mecha_kaiju_dodgeball/Assets/Store/AssetIcons/Scripts/Editor/AssetIconTools.cs:84 
UnityEngine.StackTraceUtility:ExtractStackTrace () (at /Users/bokken/buildslave/unity/build/Runtime/Export/Scripting/StackTrace.cs:37)
UnityEngine.DebugLogHandler:LogFormat (UnityEngine.LogType,UnityEngine.Object,string,object[])
UnityEngine.Logger:Log (UnityEngine.LogType,object)
UnityEngine.Debug:LogError (object)
UnityEditor.EditorAssemblies:ProcessInitializeOnLoadAttributes (System.Type[]) (at /Users/bokken/buildslave/unity/build/Editor/Mono/EditorAssemblies.cs:138)

(Filename: /Users/bokken/buildslave/unity/build/Editor/Mono/EditorAssemblies.cs Line: 138)

Mono: successfully reloaded assembly
- Completed reload, in  2.340 seconds
Domain Reload Profiling:
	ReloadAssembly (2341ms)
		BeginReloadAssembly (188ms)
			ExecutionOrderSort (0ms)
			DisableScriptedObjects (5ms)
			BackupInstance (0ms)
			ReleaseScriptingObjects (0ms)
			CreateAndSetChildDomain (39ms)
		EndReloadAssembly (2077ms)
			LoadAssemblies (121ms)
			RebuildTransferFunctionScriptingTraits (0ms)
			SetupTypeCache (463ms)
			ReleaseScriptCaches (1ms)
			RebuildScriptCaches (86ms)
			SetupLoadedEditorAssemblies (1268ms)
				LogAssemblyErrors (0ms)
				InitializePlatformSupportModulesInManaged (5ms)
				SetLoadedEditorAssemblies (0ms)
				RefreshPlugins (73ms)
				BeforeProcessingInitializeOnLoad (59ms)
				ProcessInitializeOnLoadAttributes (1090ms)
				ProcessInitializeOnLoadMethodAttributes (40ms)
				AfterProcessingInitializeOnLoad (1ms)
				EditorAssembliesLoaded (0ms)
			ExecutionOrderSort2 (0ms)
			AwakeInstancesAfterBackupRestoration (8ms)
Platform modules already initialized, skipping
========================================================================
Worker process is ready to serve import requests
Launching external process: /Applications/Unity/Hub/Editor/2021.1.10f1/Unity.app/Contents/Tools/UnityShaderCompiler
Launched and connected shader compiler UnityShaderCompiler after 0.03 seconds
Refreshing native plugins compatible for Editor in 1.00 ms, found 2 plugins.
Preloading 0 native plugins for Editor in 0.00 ms.
Unloading 2785 Unused Serialized files (Serialized files now loaded: 0)
System memory in use before: 215.9 MB.
System memory in use after: 216.1 MB.

Unloading 61 unused Assets to reduce memory usage. Loaded Objects now: 3211.
Total: 6.328347 ms (FindLiveObjects: 0.227187 ms CreateObjectMapping: 0.120853 ms MarkObjects: 5.902005 ms  DeleteObjects: 0.077018 ms)

AssetImportParameters requested are different than current active one (requested -> active):
  custom:video-decoder-ogg-theora: a1e56fd34408186e4bbccfd4996cb3dc -> 
  custom:container-muxer-webm: aa71ff27fc2769a1b78a27578f13a17b -> 
  custom:container-demuxer-webm: 4f35f7cbe854078d1ac9338744f61a02 -> 
  custom:container-demuxer-ogg: 62fdf1f143b41e24485cea50d1cbac27 -> 
  custom:video-encoder-webm-vp8: eb34c28f22e8b96e1ab97ce403110664 -> 
  custom:framework-osx-AVFoundation: b23960f63f64bdc6ff669e2cdcee2391 -> 
  custom:video-decoder-webm-vp8: 9c59270c3fd7afecdb556c50c9e8de78 -> 
  custom:audio-decoder-ogg-vorbis: bf7c407c2cedff20999df2af8eb42d56 -> 
  custom:audio-encoder-webm-vorbis: bf7c407c2cedff20999df2af8eb42d56 -> 
========================================================================
Received Import Request.
  path: Assets/Resources/platformer/3d-models/FrogGuy.fbx
  artifactKey: Guid(23e29b8ac90d84e8a8508f9d5a30d779) Importer(815301076,1909f56bfc062723c751e8b465ee728b)
Start importing Assets/Resources/platformer/3d-models/FrogGuy.fbx using Guid(23e29b8ac90d84e8a8508f9d5a30d779) Importer(815301076,1909f56bfc062723c751e8b465ee728b)  -> (artifact id: 'ddbe197db560d3c152677cb3a1eacec6') in 0.617774 seconds 
========================================================================
Received Import Request.
  Time since last request: 123.072399 seconds.
  path: Assets/Resources/platformer/animator/frog-guy.controller
  artifactKey: Guid(00e33ea941f3e4edeb674af6560c8e0e) Importer(815301076,1909f56bfc062723c751e8b465ee728b)
Start importing Assets/Resources/platformer/animator/frog-guy.controller using Guid(00e33ea941f3e4edeb674af6560c8e0e) Importer(815301076,1909f56bfc062723c751e8b465ee728b)  -> (artifact id: '5d912982028d416050063a5127fc9cbf') in 0.163945 seconds 
========================================================================
Received Import Request.
  Time since last request: 285.112637 seconds.
  path: Assets/Resources/platformer/3d-models/FrogGuy.fbx
  artifactKey: Guid(23e29b8ac90d84e8a8508f9d5a30d779) Importer(815301076,1909f56bfc062723c751e8b465ee728b)
Start importing Assets/Resources/platformer/3d-models/FrogGuy.fbx using Guid(23e29b8ac90d84e8a8508f9d5a30d779) Importer(815301076,1909f56bfc062723c751e8b465ee728b)  -> (artifact id: '613dcb73b57ee6c5e49752cd3917804d') in 0.277143 seconds 
========================================================================
Received Import Request.
  Time since last request: 63.553763 seconds.
  path: Assets/Resources/platformer/animator/player.controller
  artifactKey: Guid(7eda9b3486f644d54aee6313ba5d0d92) Importer(815301076,1909f56bfc062723c751e8b465ee728b)
Start importing Assets/Resources/platformer/animator/player.controller using Guid(7eda9b3486f644d54aee6313ba5d0d92) Importer(815301076,1909f56bfc062723c751e8b465ee728b)  -> (artifact id: '9758085218bdad53f6c6026a53acba32') in 0.028150 seconds 
========================================================================
Received Import Request.
  Time since last request: 361.569760 seconds.
  path: Assets/Resources/platformer/3d-models/FrogGuy.fbx
  artifactKey: Guid(23e29b8ac90d84e8a8508f9d5a30d779) Importer(815301076,1909f56bfc062723c751e8b465ee728b)
Start importing Assets/Resources/platformer/3d-models/FrogGuy.fbx using Guid(23e29b8ac90d84e8a8508f9d5a30d779) Importer(815301076,1909f56bfc062723c751e8b465ee728b)  -> (artifact id: '09451dde08994c49b264844577775dc1') in 0.247909 seconds 
========================================================================
Received Import Request.
  Time since last request: 230.007426 seconds.
  path: Assets/Resources/platformer/animator/frog-guy.controller
  artifactKey: Guid(00e33ea941f3e4edeb674af6560c8e0e) Importer(815301076,1909f56bfc062723c751e8b465ee728b)
Start importing Assets/Resources/platformer/animator/frog-guy.controller using Guid(00e33ea941f3e4edeb674af6560c8e0e) Importer(815301076,1909f56bfc062723c751e8b465ee728b)  -> (artifact id: 'ff3556f7fc6b5b53c329f3aa6a02d8c7') in 0.011375 seconds 
========================================================================
Received Import Request.
  Time since last request: 3934.554511 seconds.
  path: Assets/Resources/platformer/animator/player.controller
  artifactKey: Guid(7eda9b3486f644d54aee6313ba5d0d92) Importer(815301076,1909f56bfc062723c751e8b465ee728b)
Start importing Assets/Resources/platformer/animator/player.controller using Guid(7eda9b3486f644d54aee6313ba5d0d92) Importer(815301076,1909f56bfc062723c751e8b465ee728b)  -> (artifact id: '60bcb8e9d20d5b6abbaa875e60ed2d7d') in 0.022963 seconds 
========================================================================
Received Import Request.
  Time since last request: 740.647199 seconds.
  path: Assets/Resources/platformer/animator/frog-guy.controller
  artifactKey: Guid(00e33ea941f3e4edeb674af6560c8e0e) Importer(815301076,1909f56bfc062723c751e8b465ee728b)
Start importing Assets/Resources/platformer/animator/frog-guy.controller using Guid(00e33ea941f3e4edeb674af6560c8e0e) Importer(815301076,1909f56bfc062723c751e8b465ee728b)  -> (artifact id: '1bfbb327403331798be92b84c5d2438a') in 0.012720 seconds 
========================================================================
Received Import Request.
  Time since last request: 108.861098 seconds.
  path: Assets/Resources/platformer/3d-models/FrogGuy.fbx
  artifactKey: Guid(23e29b8ac90d84e8a8508f9d5a30d779) Importer(815301076,1909f56bfc062723c751e8b465ee728b)
Start importing Assets/Resources/platformer/3d-models/FrogGuy.fbx using Guid(23e29b8ac90d84e8a8508f9d5a30d779) Importer(815301076,1909f56bfc062723c751e8b465ee728b)  -> (artifact id: '1e49ee63b63ca82c43a34a303908e33b') in 0.246325 seconds 
========================================================================
Received Prepare
Registering precompiled user dll's ...
Registered in 0.006478 seconds.
Begin MonoManager ReloadAssembly
Native extension for OSXStandalone target not found
Native extension for WebGL target not found
Refreshing native plugins compatible for Editor in 1.04 ms, found 2 plugins.
Preloading 0 native plugins for Editor in 0.00 ms.
System.Reflection.ReflectionTypeLoadException: Exception of type 'System.Reflection.ReflectionTypeLoadException' was thrown.
  at (wrapper managed-to-native) System.Reflection.Assembly.GetTypes(System.Reflection.Assembly,bool)
  at System.Reflection.Assembly.GetTypes () [0x00000] in <695d1cc93cca45069c528c15c9fdd749>:0 
  at AssetIcons.Editors.AssetIconTools.BuildIconDatabase () [0x0001b] in /Users/cesargarcia/Documents/GitHub/super_mecha_kaiju_dodgeball/Assets/Store/AssetIcons/Scripts/Editor/AssetIconTools.cs:248 
  at AssetIcons.Editors.AssetIconTools..cctor () [0x00029] in /Users/cesargarcia/Documents/GitHub/super_mecha_kaiju_dodgeball/Assets/Store/AssetIcons/Scripts/Editor/AssetIconTools.cs:84 
UnityEngine.StackTraceUtility:ExtractStackTrace () (at /Users/bokken/buildslave/unity/build/Runtime/Export/Scripting/StackTrace.cs:37)
UnityEngine.DebugLogHandler:LogFormat (UnityEngine.LogType,UnityEngine.Object,string,object[])
UnityEngine.Logger:Log (UnityEngine.LogType,object)
UnityEngine.Debug:LogError (object)
UnityEditor.EditorAssemblies:ProcessInitializeOnLoadAttributes (System.Type[]) (at /Users/bokken/buildslave/unity/build/Editor/Mono/EditorAssemblies.cs:138)

(Filename: /Users/bokken/buildslave/unity/build/Editor/Mono/EditorAssemblies.cs Line: 138)

Mono: successfully reloaded assembly
- Completed reload, in  2.576 seconds
Domain Reload Profiling:
	ReloadAssembly (2576ms)
		BeginReloadAssembly (434ms)
			ExecutionOrderSort (0ms)
			DisableScriptedObjects (27ms)
			BackupInstance (0ms)
			ReleaseScriptingObjects (0ms)
			CreateAndSetChildDomain (262ms)
		EndReloadAssembly (2043ms)
			LoadAssemblies (158ms)
			RebuildTransferFunctionScriptingTraits (0ms)
			SetupTypeCache (496ms)
			ReleaseScriptCaches (1ms)
			RebuildScriptCaches (71ms)
			SetupLoadedEditorAssemblies (1164ms)
				LogAssemblyErrors (0ms)
				InitializePlatformSupportModulesInManaged (10ms)
				SetLoadedEditorAssemblies (1ms)
				RefreshPlugins (1ms)
				BeforeProcessingInitializeOnLoad (48ms)
				ProcessInitializeOnLoadAttributes (1064ms)
				ProcessInitializeOnLoadMethodAttributes (39ms)
				AfterProcessingInitializeOnLoad (1ms)
				EditorAssembliesLoaded (0ms)
			ExecutionOrderSort2 (0ms)
			AwakeInstancesAfterBackupRestoration (13ms)
Platform modules already initialized, skipping
Refreshing native plugins compatible for Editor in 1.19 ms, found 2 plugins.
Preloading 0 native plugins for Editor in 0.00 ms.
Unloading 2754 Unused Serialized files (Serialized files now loaded: 0)
System memory in use before: 244.7 MB.
System memory in use after: 244.9 MB.

Unloading 51 unused Assets to reduce memory usage. Loaded Objects now: 3225.
Total: 7.961869 ms (FindLiveObjects: 0.318992 ms CreateObjectMapping: 0.143497 ms MarkObjects: 6.698929 ms  DeleteObjects: 0.798350 ms)

AssetImportParameters requested are different than current active one (requested -> active):
  custom:video-decoder-ogg-theora: a1e56fd34408186e4bbccfd4996cb3dc -> 
  custom:container-muxer-webm: aa71ff27fc2769a1b78a27578f13a17b -> 
  custom:container-demuxer-webm: 4f35f7cbe854078d1ac9338744f61a02 -> 
  custom:container-demuxer-ogg: 62fdf1f143b41e24485cea50d1cbac27 -> 
  custom:video-encoder-webm-vp8: eb34c28f22e8b96e1ab97ce403110664 -> 
  custom:framework-osx-AVFoundation: b23960f63f64bdc6ff669e2cdcee2391 -> 
  custom:video-decoder-webm-vp8: 9c59270c3fd7afecdb556c50c9e8de78 -> 
  custom:audio-decoder-ogg-vorbis: bf7c407c2cedff20999df2af8eb42d56 -> 
  custom:audio-encoder-webm-vorbis: bf7c407c2cedff20999df2af8eb42d56 -> 
========================================================================
Received Prepare
Registering precompiled user dll's ...
Registered in 0.010138 seconds.
Begin MonoManager ReloadAssembly
Native extension for OSXStandalone target not found
Native extension for WebGL target not found
Refreshing native plugins compatible for Editor in 1.03 ms, found 2 plugins.
Preloading 0 native plugins for Editor in 0.00 ms.
System.Reflection.ReflectionTypeLoadException: Exception of type 'System.Reflection.ReflectionTypeLoadException' was thrown.
  at (wrapper managed-to-native) System.Reflection.Assembly.GetTypes(System.Reflection.Assembly,bool)
  at System.Reflection.Assembly.GetTypes () [0x00000] in <695d1cc93cca45069c528c15c9fdd749>:0 
  at AssetIcons.Editors.AssetIconTools.BuildIconDatabase () [0x0001b] in /Users/cesargarcia/Documents/GitHub/super_mecha_kaiju_dodgeball/Assets/Store/AssetIcons/Scripts/Editor/AssetIconTools.cs:248 
  at AssetIcons.Editors.AssetIconTools..cctor () [0x00029] in /Users/cesargarcia/Documents/GitHub/super_mecha_kaiju_dodgeball/Assets/Store/AssetIcons/Scripts/Editor/AssetIconTools.cs:84 
UnityEngine.StackTraceUtility:ExtractStackTrace () (at /Users/bokken/buildslave/unity/build/Runtime/Export/Scripting/StackTrace.cs:37)
UnityEngine.DebugLogHandler:LogFormat (UnityEngine.LogType,UnityEngine.Object,string,object[])
UnityEngine.Logger:Log (UnityEngine.LogType,object)
UnityEngine.Debug:LogError (object)
UnityEditor.EditorAssemblies:ProcessInitializeOnLoadAttributes (System.Type[]) (at /Users/bokken/buildslave/unity/build/Editor/Mono/EditorAssemblies.cs:138)

(Filename: /Users/bokken/buildslave/unity/build/Editor/Mono/EditorAssemblies.cs Line: 138)

Mono: successfully reloaded assembly
- Completed reload, in  2.256 seconds
Domain Reload Profiling:
	ReloadAssembly (2257ms)
		BeginReloadAssembly (208ms)
			ExecutionOrderSort (0ms)
			DisableScriptedObjects (9ms)
			BackupInstance (0ms)
			ReleaseScriptingObjects (0ms)
			CreateAndSetChildDomain (115ms)
		EndReloadAssembly (1970ms)
			LoadAssemblies (133ms)
			RebuildTransferFunctionScriptingTraits (0ms)
			SetupTypeCache (469ms)
			ReleaseScriptCaches (1ms)
			RebuildScriptCaches (65ms)
			SetupLoadedEditorAssemblies (1144ms)
				LogAssemblyErrors (0ms)
				InitializePlatformSupportModulesInManaged (6ms)
				SetLoadedEditorAssemblies (1ms)
				RefreshPlugins (1ms)
				BeforeProcessingInitializeOnLoad (46ms)
				ProcessInitializeOnLoadAttributes (1052ms)
				ProcessInitializeOnLoadMethodAttributes (36ms)
				AfterProcessingInitializeOnLoad (2ms)
				EditorAssembliesLoaded (0ms)
			ExecutionOrderSort2 (0ms)
			AwakeInstancesAfterBackupRestoration (9ms)
Platform modules already initialized, skipping
Refreshing native plugins compatible for Editor in 1.07 ms, found 2 plugins.
Preloading 0 native plugins for Editor in 0.00 ms.
Unloading 2754 Unused Serialized files (Serialized files now loaded: 0)
System memory in use before: 245.0 MB.
System memory in use after: 245.2 MB.

Unloading 50 unused Assets to reduce memory usage. Loaded Objects now: 3228.
Total: 6.386902 ms (FindLiveObjects: 0.250570 ms CreateObjectMapping: 0.135245 ms MarkObjects: 5.885735 ms  DeleteObjects: 0.113983 ms)

AssetImportParameters requested are different than current active one (requested -> active):
  custom:video-decoder-ogg-theora: a1e56fd34408186e4bbccfd4996cb3dc -> 
  custom:container-muxer-webm: aa71ff27fc2769a1b78a27578f13a17b -> 
  custom:container-demuxer-webm: 4f35f7cbe854078d1ac9338744f61a02 -> 
  custom:container-demuxer-ogg: 62fdf1f143b41e24485cea50d1cbac27 -> 
  custom:video-encoder-webm-vp8: eb34c28f22e8b96e1ab97ce403110664 -> 
  custom:framework-osx-AVFoundation: b23960f63f64bdc6ff669e2cdcee2391 -> 
  custom:video-decoder-webm-vp8: 9c59270c3fd7afecdb556c50c9e8de78 -> 
  custom:audio-decoder-ogg-vorbis: bf7c407c2cedff20999df2af8eb42d56 -> 
  custom:audio-encoder-webm-vorbis: bf7c407c2cedff20999df2af8eb42d56 -> 
========================================================================
Received Prepare
Registering precompiled user dll's ...
Registered in 0.010505 seconds.
Begin MonoManager ReloadAssembly
Native extension for OSXStandalone target not found
Native extension for WebGL target not found
Refreshing native plugins compatible for Editor in 1.10 ms, found 2 plugins.
Preloading 0 native plugins for Editor in 0.00 ms.
System.Reflection.ReflectionTypeLoadException: Exception of type 'System.Reflection.ReflectionTypeLoadException' was thrown.
  at (wrapper managed-to-native) System.Reflection.Assembly.GetTypes(System.Reflection.Assembly,bool)
  at System.Reflection.Assembly.GetTypes () [0x00000] in <695d1cc93cca45069c528c15c9fdd749>:0 
  at AssetIcons.Editors.AssetIconTools.BuildIconDatabase () [0x0001b] in /Users/cesargarcia/Documents/GitHub/super_mecha_kaiju_dodgeball/Assets/Store/AssetIcons/Scripts/Editor/AssetIconTools.cs:248 
  at AssetIcons.Editors.AssetIconTools..cctor () [0x00029] in /Users/cesargarcia/Documents/GitHub/super_mecha_kaiju_dodgeball/Assets/Store/AssetIcons/Scripts/Editor/AssetIconTools.cs:84 
UnityEngine.StackTraceUtility:ExtractStackTrace () (at /Users/bokken/buildslave/unity/build/Runtime/Export/Scripting/StackTrace.cs:37)
UnityEngine.DebugLogHandler:LogFormat (UnityEngine.LogType,UnityEngine.Object,string,object[])
UnityEngine.Logger:Log (UnityEngine.LogType,object)
UnityEngine.Debug:LogError (object)
UnityEditor.EditorAssemblies:ProcessInitializeOnLoadAttributes (System.Type[]) (at /Users/bokken/buildslave/unity/build/Editor/Mono/EditorAssemblies.cs:138)

(Filename: /Users/bokken/buildslave/unity/build/Editor/Mono/EditorAssemblies.cs Line: 138)

Mono: successfully reloaded assembly
- Completed reload, in  2.153 seconds
Domain Reload Profiling:
	ReloadAssembly (2153ms)
		BeginReloadAssembly (204ms)
			ExecutionOrderSort (0ms)
			DisableScriptedObjects (9ms)
			BackupInstance (0ms)
			ReleaseScriptingObjects (0ms)
			CreateAndSetChildDomain (111ms)
		EndReloadAssembly (1869ms)
			LoadAssemblies (129ms)
			RebuildTransferFunctionScriptingTraits (0ms)
			SetupTypeCache (445ms)
			ReleaseScriptCaches (1ms)
			RebuildScriptCaches (62ms)
			SetupLoadedEditorAssemblies (1084ms)
				LogAssemblyErrors (0ms)
				InitializePlatformSupportModulesInManaged (7ms)
				SetLoadedEditorAssemblies (1ms)
				RefreshPlugins (1ms)
				BeforeProcessingInitializeOnLoad (43ms)
				ProcessInitializeOnLoadAttributes (996ms)
				ProcessInitializeOnLoadMethodAttributes (35ms)
				AfterProcessingInitializeOnLoad (1ms)
				EditorAssembliesLoaded (0ms)
			ExecutionOrderSort2 (0ms)
			AwakeInstancesAfterBackupRestoration (8ms)
Platform modules already initialized, skipping
Refreshing native plugins compatible for Editor in 1.74 ms, found 2 plugins.
Preloading 0 native plugins for Editor in 0.00 ms.
Unloading 2754 Unused Serialized files (Serialized files now loaded: 0)
System memory in use before: 245.1 MB.
System memory in use after: 245.4 MB.

Unloading 50 unused Assets to reduce memory usage. Loaded Objects now: 3231.
Total: 7.833201 ms (FindLiveObjects: 0.275541 ms CreateObjectMapping: 0.210634 ms MarkObjects: 7.305558 ms  DeleteObjects: 0.039761 ms)

AssetImportParameters requested are different than current active one (requested -> active):
  custom:video-decoder-ogg-theora: a1e56fd34408186e4bbccfd4996cb3dc -> 
  custom:container-muxer-webm: aa71ff27fc2769a1b78a27578f13a17b -> 
  custom:container-demuxer-webm: 4f35f7cbe854078d1ac9338744f61a02 -> 
  custom:container-demuxer-ogg: 62fdf1f143b41e24485cea50d1cbac27 -> 
  custom:video-encoder-webm-vp8: eb34c28f22e8b96e1ab97ce403110664 -> 
  custom:framework-osx-AVFoundation: b23960f63f64bdc6ff669e2cdcee2391 -> 
  custom:video-decoder-webm-vp8: 9c59270c3fd7afecdb556c50c9e8de78 -> 
  custom:audio-decoder-ogg-vorbis: bf7c407c2cedff20999df2af8eb42d56 -> 
  custom:audio-encoder-webm-vorbis: bf7c407c2cedff20999df2af8eb42d56 -> 
========================================================================
Received Import Request.
  Time since last request: 17415.765219 seconds.
  path: Assets/Store/Optimize SDKohaku-Chanz/Materials/Accessory/Accessory_01_00.mat
  artifactKey: Guid(1df7ce879f4863b409153f33e5d602b4) Importer(815301076,1909f56bfc062723c751e8b465ee728b)
Start importing Assets/Store/Optimize SDKohaku-Chanz/Materials/Accessory/Accessory_01_00.mat using Guid(1df7ce879f4863b409153f33e5d602b4) Importer(815301076,1909f56bfc062723c751e8b465ee728b)  -> (artifact id: '49b837aa25d2abaea228cb9fbeebc1b3') in 0.708275 seconds 
========================================================================
Received Import Request.
  Time since last request: 0.000897 seconds.
  path: Assets/Store/FightingUnityChan_FreeAsset/FightingUnityChan_FreeAsset/Animations/Materials/body.mat
  artifactKey: Guid(aa03c0d2429dd9f4491c341f71a7f0d5) Importer(815301076,1909f56bfc062723c751e8b465ee728b)
Start importing Assets/Store/FightingUnityChan_FreeAsset/FightingUnityChan_FreeAsset/Animations/Materials/body.mat using Guid(aa03c0d2429dd9f4491c341f71a7f0d5) Importer(815301076,1909f56bfc062723c751e8b465ee728b)  -> (artifact id: '51d39ace93964449cdc53ede237d33dd') in 0.010588 seconds 
========================================================================
Received Import Request.
  Time since last request: 0.000238 seconds.
  path: Assets/Store/FightingUnityChan_FreeAsset/FightingUnityChan_FreeAsset/Models/Materials/body.mat
  artifactKey: Guid(f83411ac47dd676419b262e689f2f37d) Importer(815301076,1909f56bfc062723c751e8b465ee728b)
Start importing Assets/Store/FightingUnityChan_FreeAsset/FightingUnityChan_FreeAsset/Models/Materials/body.mat using Guid(f83411ac47dd676419b262e689f2f37d) Importer(815301076,1909f56bfc062723c751e8b465ee728b)  -> (artifact id: 'e9d5ec5e6e6979cc432a73e8b92a34b4') in 0.094245 seconds 
========================================================================
Received Import Request.
  Time since last request: 0.000168 seconds.
  path: Assets/Store/Optimize SDKohaku-Chanz/Materials/Accessory/Accessory_Set00_00.mat
  artifactKey: Guid(419f5eaffa4cb4b43a3f5d9ea1d5b24a) Importer(815301076,1909f56bfc062723c751e8b465ee728b)
Start importing Assets/Store/Optimize SDKohaku-Chanz/Materials/Accessory/Accessory_Set00_00.mat using Guid(419f5eaffa4cb4b43a3f5d9ea1d5b24a) Importer(815301076,1909f56bfc062723c751e8b465ee728b)  -> (artifact id: 'f7af675be4cce85a54dd3dffe7050272') in 0.009481 seconds 
========================================================================
Received Import Request.
  Time since last request: 0.000160 seconds.
  path: Assets/Store/UnityChan/Models/UnityChanShader/Materials/body.mat
  artifactKey: Guid(3b399c72488294c53b66f39632a8fe8b) Importer(815301076,1909f56bfc062723c751e8b465ee728b)
Start importing Assets/Store/UnityChan/Models/UnityChanShader/Materials/body.mat using Guid(3b399c72488294c53b66f39632a8fe8b) Importer(815301076,1909f56bfc062723c751e8b465ee728b)  -> (artifact id: '81c74136f676ceb4097813ff1287d316') in 0.022845 seconds 
========================================================================
Received Import Request.
  Time since last request: 0.000198 seconds.
  path: Assets/Resources/fisher/graphics/Materials/background.mat
  artifactKey: Guid(41504a61a36a8412db08dfafadfa4b7c) Importer(815301076,1909f56bfc062723c751e8b465ee728b)
Start importing Assets/Resources/fisher/graphics/Materials/background.mat using Guid(41504a61a36a8412db08dfafadfa4b7c) Importer(815301076,1909f56bfc062723c751e8b465ee728b)  -> (artifact id: 'c4e5dab745a1287a98d6e43959617225') in 0.019326 seconds 
========================================================================
Received Import Request.
  Time since last request: 0.000257 seconds.
  path: Assets/Store/UnityChan/Models/Materials/body.mat
  artifactKey: Guid(bb570020a8c3bad4bbf803af20e78937) Importer(815301076,1909f56bfc062723c751e8b465ee728b)
Start importing Assets/Store/UnityChan/Models/Materials/body.mat using Guid(bb570020a8c3bad4bbf803af20e78937) Importer(815301076,1909f56bfc062723c751e8b465ee728b)  -> (artifact id: '2206a63fa5b927e7526161f5bee034c5') in 0.014077 seconds 
========================================================================
Received Prepare
Registering precompiled user dll's ...
Registered in 0.009546 seconds.
Begin MonoManager ReloadAssembly
Native extension for OSXStandalone target not found
Native extension for WebGL target not found
Refreshing native plugins compatible for Editor in 1.04 ms, found 2 plugins.
Preloading 0 native plugins for Editor in 0.00 ms.
System.Reflection.ReflectionTypeLoadException: Exception of type 'System.Reflection.ReflectionTypeLoadException' was thrown.
  at (wrapper managed-to-native) System.Reflection.Assembly.GetTypes(System.Reflection.Assembly,bool)
  at System.Reflection.Assembly.GetTypes () [0x00000] in <695d1cc93cca45069c528c15c9fdd749>:0 
  at AssetIcons.Editors.AssetIconTools.BuildIconDatabase () [0x0001b] in /Users/cesargarcia/Documents/GitHub/super_mecha_kaiju_dodgeball/Assets/Store/AssetIcons/Scripts/Editor/AssetIconTools.cs:248 
  at AssetIcons.Editors.AssetIconTools..cctor () [0x00029] in /Users/cesargarcia/Documents/GitHub/super_mecha_kaiju_dodgeball/Assets/Store/AssetIcons/Scripts/Editor/AssetIconTools.cs:84 
UnityEngine.StackTraceUtility:ExtractStackTrace () (at /Users/bokken/buildslave/unity/build/Runtime/Export/Scripting/StackTrace.cs:37)
UnityEngine.DebugLogHandler:LogFormat (UnityEngine.LogType,UnityEngine.Object,string,object[])
UnityEngine.Logger:Log (UnityEngine.LogType,object)
UnityEngine.Debug:LogError (object)
UnityEditor.EditorAssemblies:ProcessInitializeOnLoadAttributes (System.Type[]) (at /Users/bokken/buildslave/unity/build/Editor/Mono/EditorAssemblies.cs:138)

(Filename: /Users/bokken/buildslave/unity/build/Editor/Mono/EditorAssemblies.cs Line: 138)

Mono: successfully reloaded assembly
- Completed reload, in  2.187 seconds
Domain Reload Profiling:
	ReloadAssembly (2188ms)
		BeginReloadAssembly (207ms)
			ExecutionOrderSort (0ms)
			DisableScriptedObjects (6ms)
			BackupInstance (0ms)
			ReleaseScriptingObjects (0ms)
			CreateAndSetChildDomain (123ms)
		EndReloadAssembly (1897ms)
			LoadAssemblies (133ms)
			RebuildTransferFunctionScriptingTraits (0ms)
			SetupTypeCache (458ms)
			ReleaseScriptCaches (1ms)
			RebuildScriptCaches (65ms)
			SetupLoadedEditorAssemblies (1097ms)
				LogAssemblyErrors (0ms)
				InitializePlatformSupportModulesInManaged (6ms)
				SetLoadedEditorAssemblies (1ms)
				RefreshPlugins (1ms)
				BeforeProcessingInitializeOnLoad (43ms)
				ProcessInitializeOnLoadAttributes (1010ms)
				ProcessInitializeOnLoadMethodAttributes (35ms)
				AfterProcessingInitializeOnLoad (1ms)
				EditorAssembliesLoaded (0ms)
			ExecutionOrderSort2 (0ms)
			AwakeInstancesAfterBackupRestoration (8ms)
Platform modules already initialized, skipping
Refreshing native plugins compatible for Editor in 0.94 ms, found 2 plugins.
Preloading 0 native plugins for Editor in 0.00 ms.
Unloading 2754 Unused Serialized files (Serialized files now loaded: 0)
System memory in use before: 250.2 MB.
System memory in use after: 250.4 MB.

Unloading 50 unused Assets to reduce memory usage. Loaded Objects now: 3268.
Total: 5.849395 ms (FindLiveObjects: 0.215968 ms CreateObjectMapping: 0.124411 ms MarkObjects: 5.482162 ms  DeleteObjects: 0.025743 ms)

AssetImportParameters requested are different than current active one (requested -> active):
  custom:video-decoder-ogg-theora: a1e56fd34408186e4bbccfd4996cb3dc -> 
  custom:container-muxer-webm: aa71ff27fc2769a1b78a27578f13a17b -> 
  custom:container-demuxer-webm: 4f35f7cbe854078d1ac9338744f61a02 -> 
  custom:container-demuxer-ogg: 62fdf1f143b41e24485cea50d1cbac27 -> 
  custom:video-encoder-webm-vp8: eb34c28f22e8b96e1ab97ce403110664 -> 
  custom:framework-osx-AVFoundation: b23960f63f64bdc6ff669e2cdcee2391 -> 
  custom:video-decoder-webm-vp8: 9c59270c3fd7afecdb556c50c9e8de78 -> 
  custom:audio-decoder-ogg-vorbis: bf7c407c2cedff20999df2af8eb42d56 -> 
  custom:audio-encoder-webm-vorbis: bf7c407c2cedff20999df2af8eb42d56 -> 
========================================================================
Received Import Request.
  Time since last request: 311.572292 seconds.
  path: Assets/Resources/platformer/3d-models/Materials/Black 1.mat
  artifactKey: Guid(c3287ca3a1eb347d88ea769a1e3ac931) Importer(815301076,1909f56bfc062723c751e8b465ee728b)
Start importing Assets/Resources/platformer/3d-models/Materials/Black 1.mat using Guid(c3287ca3a1eb347d88ea769a1e3ac931) Importer(815301076,1909f56bfc062723c751e8b465ee728b)  -> (artifact id: 'fe3e3bb7ba0f2357e9764fbf8e8f8192') in 0.257715 seconds 
========================================================================
Received Import Request.
  Time since last request: 0.000244 seconds.
  path: Assets/Resources/platformer/3d-models/Materials/Cloth02.mat
  artifactKey: Guid(4709ba765f7b048cdbffb8b6038b9b40) Importer(815301076,1909f56bfc062723c751e8b465ee728b)
Start importing Assets/Resources/platformer/3d-models/Materials/Cloth02.mat using Guid(4709ba765f7b048cdbffb8b6038b9b40) Importer(815301076,1909f56bfc062723c751e8b465ee728b)  -> (artifact id: '3dd7b2c51cafd4c144cee120aa7b23f3') in 0.021776 seconds 
========================================================================
Received Import Request.
  Time since last request: 0.000180 seconds.
  path: Assets/Resources/platformer/3d-models/Materials/Eye2.mat
  artifactKey: Guid(9b25bb8a666874a3fb6787ee18708874) Importer(815301076,1909f56bfc062723c751e8b465ee728b)
Start importing Assets/Resources/platformer/3d-models/Materials/Eye2.mat using Guid(9b25bb8a666874a3fb6787ee18708874) Importer(815301076,1909f56bfc062723c751e8b465ee728b)  -> (artifact id: '430ad2acad7021d43fc728f2ba98c9c8') in 0.025264 seconds 
========================================================================
Received Import Request.
  Time since last request: 0.000237 seconds.
  path: Assets/Resources/platformer/3d-models/Materials/Hat.mat
  artifactKey: Guid(101d147b252a345cb8ed28e726a7487f) Importer(815301076,1909f56bfc062723c751e8b465ee728b)
Start importing Assets/Resources/platformer/3d-models/Materials/Hat.mat using Guid(101d147b252a345cb8ed28e726a7487f) Importer(815301076,1909f56bfc062723c751e8b465ee728b)  -> (artifact id: 'bbed0f9d9a61b4f2abdfb09f35bc3f0a') in 0.030071 seconds 
========================================================================
Received Import Request.
  Time since last request: 0.000190 seconds.
  path: Assets/Resources/platformer/3d-models/Materials/Cloth1.mat
  artifactKey: Guid(c1678a273bdc94535ae4b25e4fabb5de) Importer(815301076,1909f56bfc062723c751e8b465ee728b)
Start importing Assets/Resources/platformer/3d-models/Materials/Cloth1.mat using Guid(c1678a273bdc94535ae4b25e4fabb5de) Importer(815301076,1909f56bfc062723c751e8b465ee728b)  -> (artifact id: '69478101e409989d94c01402117a7b59') in 0.026930 seconds 
========================================================================
Received Import Request.
  Time since last request: 0.000182 seconds.
  path: Assets/Resources/platformer/3d-models/Materials/Eye.mat
  artifactKey: Guid(633211f9f2b0742fcbf6f8b1a36e3d3b) Importer(815301076,1909f56bfc062723c751e8b465ee728b)
Start importing Assets/Resources/platformer/3d-models/Materials/Eye.mat using Guid(633211f9f2b0742fcbf6f8b1a36e3d3b) Importer(815301076,1909f56bfc062723c751e8b465ee728b)  -> (artifact id: '0ed86ec5a58031fde7af8f52a4778571') in 0.026956 seconds 
========================================================================
Received Prepare
Registering precompiled user dll's ...
Registered in 0.014946 seconds.
Begin MonoManager ReloadAssembly
Native extension for OSXStandalone target not found
Native extension for WebGL target not found
Refreshing native plugins compatible for Editor in 1.13 ms, found 2 plugins.
Preloading 0 native plugins for Editor in 0.00 ms.
System.Reflection.ReflectionTypeLoadException: Exception of type 'System.Reflection.ReflectionTypeLoadException' was thrown.
  at (wrapper managed-to-native) System.Reflection.Assembly.GetTypes(System.Reflection.Assembly,bool)
  at System.Reflection.Assembly.GetTypes () [0x00000] in <695d1cc93cca45069c528c15c9fdd749>:0 
  at AssetIcons.Editors.AssetIconTools.BuildIconDatabase () [0x0001b] in /Users/cesargarcia/Documents/GitHub/super_mecha_kaiju_dodgeball/Assets/Store/AssetIcons/Scripts/Editor/AssetIconTools.cs:248 
  at AssetIcons.Editors.AssetIconTools..cctor () [0x00029] in /Users/cesargarcia/Documents/GitHub/super_mecha_kaiju_dodgeball/Assets/Store/AssetIcons/Scripts/Editor/AssetIconTools.cs:84 
UnityEngine.StackTraceUtility:ExtractStackTrace () (at /Users/bokken/buildslave/unity/build/Runtime/Export/Scripting/StackTrace.cs:37)
UnityEngine.DebugLogHandler:LogFormat (UnityEngine.LogType,UnityEngine.Object,string,object[])
UnityEngine.Logger:Log (UnityEngine.LogType,object)
UnityEngine.Debug:LogError (object)
UnityEditor.EditorAssemblies:ProcessInitializeOnLoadAttributes (System.Type[]) (at /Users/bokken/buildslave/unity/build/Editor/Mono/EditorAssemblies.cs:138)

(Filename: /Users/bokken/buildslave/unity/build/Editor/Mono/EditorAssemblies.cs Line: 138)

Mono: successfully reloaded assembly
- Completed reload, in  2.262 seconds
Domain Reload Profiling:
	ReloadAssembly (2265ms)
		BeginReloadAssembly (270ms)
			ExecutionOrderSort (0ms)
			DisableScriptedObjects (15ms)
			BackupInstance (0ms)
			ReleaseScriptingObjects (0ms)
			CreateAndSetChildDomain (166ms)
		EndReloadAssembly (1915ms)
			LoadAssemblies (149ms)
			RebuildTransferFunctionScriptingTraits (0ms)
			SetupTypeCache (457ms)
			ReleaseScriptCaches (1ms)
			RebuildScriptCaches (62ms)
			SetupLoadedEditorAssemblies (1095ms)
				LogAssemblyErrors (0ms)
				InitializePlatformSupportModulesInManaged (6ms)
				SetLoadedEditorAssemblies (1ms)
				RefreshPlugins (1ms)
				BeforeProcessingInitializeOnLoad (44ms)
				ProcessInitializeOnLoadAttributes (1006ms)
				ProcessInitializeOnLoadMethodAttributes (35ms)
				AfterProcessingInitializeOnLoad (1ms)
				EditorAssembliesLoaded (0ms)
			ExecutionOrderSort2 (0ms)
			AwakeInstancesAfterBackupRestoration (8ms)
Platform modules already initialized, skipping
Refreshing native plugins compatible for Editor in 1.10 ms, found 2 plugins.
Preloading 0 native plugins for Editor in 0.00 ms.
Unloading 2754 Unused Serialized files (Serialized files now loaded: 0)
System memory in use before: 250.5 MB.
System memory in use after: 250.7 MB.

Unloading 50 unused Assets to reduce memory usage. Loaded Objects now: 3272.
Total: 6.000968 ms (FindLiveObjects: 0.262478 ms CreateObjectMapping: 0.134991 ms MarkObjects: 5.555916 ms  DeleteObjects: 0.046486 ms)

AssetImportParameters requested are different than current active one (requested -> active):
  custom:video-decoder-ogg-theora: a1e56fd34408186e4bbccfd4996cb3dc -> 
  custom:container-muxer-webm: aa71ff27fc2769a1b78a27578f13a17b -> 
  custom:container-demuxer-webm: 4f35f7cbe854078d1ac9338744f61a02 -> 
  custom:container-demuxer-ogg: 62fdf1f143b41e24485cea50d1cbac27 -> 
  custom:video-encoder-webm-vp8: eb34c28f22e8b96e1ab97ce403110664 -> 
  custom:framework-osx-AVFoundation: b23960f63f64bdc6ff669e2cdcee2391 -> 
  custom:video-decoder-webm-vp8: 9c59270c3fd7afecdb556c50c9e8de78 -> 
  custom:audio-decoder-ogg-vorbis: bf7c407c2cedff20999df2af8eb42d56 -> 
  custom:audio-encoder-webm-vorbis: bf7c407c2cedff20999df2af8eb42d56 -> 
========================================================================
Received Prepare
Registering precompiled user dll's ...
Registered in 0.010790 seconds.
Begin MonoManager ReloadAssembly
Native extension for OSXStandalone target not found
Native extension for WebGL target not found
Refreshing native plugins compatible for Editor in 1.06 ms, found 2 plugins.
Preloading 0 native plugins for Editor in 0.00 ms.
System.Reflection.ReflectionTypeLoadException: Exception of type 'System.Reflection.ReflectionTypeLoadException' was thrown.
  at (wrapper managed-to-native) System.Reflection.Assembly.GetTypes(System.Reflection.Assembly,bool)
  at System.Reflection.Assembly.GetTypes () [0x00000] in <695d1cc93cca45069c528c15c9fdd749>:0 
  at AssetIcons.Editors.AssetIconTools.BuildIconDatabase () [0x0001b] in /Users/cesargarcia/Documents/GitHub/super_mecha_kaiju_dodgeball/Assets/Store/AssetIcons/Scripts/Editor/AssetIconTools.cs:248 
  at AssetIcons.Editors.AssetIconTools..cctor () [0x00029] in /Users/cesargarcia/Documents/GitHub/super_mecha_kaiju_dodgeball/Assets/Store/AssetIcons/Scripts/Editor/AssetIconTools.cs:84 
UnityEngine.StackTraceUtility:ExtractStackTrace () (at /Users/bokken/buildslave/unity/build/Runtime/Export/Scripting/StackTrace.cs:37)
UnityEngine.DebugLogHandler:LogFormat (UnityEngine.LogType,UnityEngine.Object,string,object[])
UnityEngine.Logger:Log (UnityEngine.LogType,object)
UnityEngine.Debug:LogError (object)
UnityEditor.EditorAssemblies:ProcessInitializeOnLoadAttributes (System.Type[]) (at /Users/bokken/buildslave/unity/build/Editor/Mono/EditorAssemblies.cs:138)

(Filename: /Users/bokken/buildslave/unity/build/Editor/Mono/EditorAssemblies.cs Line: 138)

Mono: successfully reloaded assembly
- Completed reload, in  2.403 seconds
Domain Reload Profiling:
	ReloadAssembly (2404ms)
		BeginReloadAssembly (279ms)
			ExecutionOrderSort (0ms)
			DisableScriptedObjects (18ms)
			BackupInstance (0ms)
			ReleaseScriptingObjects (0ms)
			CreateAndSetChildDomain (170ms)
		EndReloadAssembly (2038ms)
			LoadAssemblies (140ms)
			RebuildTransferFunctionScriptingTraits (0ms)
			SetupTypeCache (504ms)
			ReleaseScriptCaches (2ms)
			RebuildScriptCaches (66ms)
			SetupLoadedEditorAssemblies (1164ms)
				LogAssemblyErrors (0ms)
				InitializePlatformSupportModulesInManaged (6ms)
				SetLoadedEditorAssemblies (1ms)
				RefreshPlugins (1ms)
				BeforeProcessingInitializeOnLoad (49ms)
				ProcessInitializeOnLoadAttributes (1065ms)
				ProcessInitializeOnLoadMethodAttributes (40ms)
				AfterProcessingInitializeOnLoad (2ms)
				EditorAssembliesLoaded (0ms)
			ExecutionOrderSort2 (0ms)
			AwakeInstancesAfterBackupRestoration (10ms)
Platform modules already initialized, skipping
Refreshing native plugins compatible for Editor in 1.09 ms, found 2 plugins.
Preloading 0 native plugins for Editor in 0.00 ms.
Unloading 2754 Unused Serialized files (Serialized files now loaded: 0)
System memory in use before: 250.8 MB.
System memory in use after: 251.0 MB.

Unloading 50 unused Assets to reduce memory usage. Loaded Objects now: 3275.
Total: 5.800183 ms (FindLiveObjects: 0.281484 ms CreateObjectMapping: 0.115731 ms MarkObjects: 5.354997 ms  DeleteObjects: 0.047086 ms)

AssetImportParameters requested are different than current active one (requested -> active):
  custom:video-decoder-ogg-theora: a1e56fd34408186e4bbccfd4996cb3dc -> 
  custom:container-muxer-webm: aa71ff27fc2769a1b78a27578f13a17b -> 
  custom:container-demuxer-webm: 4f35f7cbe854078d1ac9338744f61a02 -> 
  custom:container-demuxer-ogg: 62fdf1f143b41e24485cea50d1cbac27 -> 
  custom:video-encoder-webm-vp8: eb34c28f22e8b96e1ab97ce403110664 -> 
  custom:framework-osx-AVFoundation: b23960f63f64bdc6ff669e2cdcee2391 -> 
  custom:video-decoder-webm-vp8: 9c59270c3fd7afecdb556c50c9e8de78 -> 
  custom:audio-decoder-ogg-vorbis: bf7c407c2cedff20999df2af8eb42d56 -> 
  custom:audio-encoder-webm-vorbis: bf7c407c2cedff20999df2af8eb42d56 -> 
========================================================================
Received Prepare
Registering precompiled user dll's ...
Registered in 0.010045 seconds.
Begin MonoManager ReloadAssembly
Native extension for OSXStandalone target not found
Native extension for WebGL target not found
Refreshing native plugins compatible for Editor in 1.10 ms, found 2 plugins.
Preloading 0 native plugins for Editor in 0.00 ms.
System.Reflection.ReflectionTypeLoadException: Exception of type 'System.Reflection.ReflectionTypeLoadException' was thrown.
  at (wrapper managed-to-native) System.Reflection.Assembly.GetTypes(System.Reflection.Assembly,bool)
  at System.Reflection.Assembly.GetTypes () [0x00000] in <695d1cc93cca45069c528c15c9fdd749>:0 
  at AssetIcons.Editors.AssetIconTools.BuildIconDatabase () [0x0001b] in /Users/cesargarcia/Documents/GitHub/super_mecha_kaiju_dodgeball/Assets/Store/AssetIcons/Scripts/Editor/AssetIconTools.cs:248 
  at AssetIcons.Editors.AssetIconTools..cctor () [0x00029] in /Users/cesargarcia/Documents/GitHub/super_mecha_kaiju_dodgeball/Assets/Store/AssetIcons/Scripts/Editor/AssetIconTools.cs:84 
UnityEngine.StackTraceUtility:ExtractStackTrace () (at /Users/bokken/buildslave/unity/build/Runtime/Export/Scripting/StackTrace.cs:37)
UnityEngine.DebugLogHandler:LogFormat (UnityEngine.LogType,UnityEngine.Object,string,object[])
UnityEngine.Logger:Log (UnityEngine.LogType,object)
UnityEngine.Debug:LogError (object)
UnityEditor.EditorAssemblies:ProcessInitializeOnLoadAttributes (System.Type[]) (at /Users/bokken/buildslave/unity/build/Editor/Mono/EditorAssemblies.cs:138)

(Filename: /Users/bokken/buildslave/unity/build/Editor/Mono/EditorAssemblies.cs Line: 138)

Mono: successfully reloaded assembly
- Completed reload, in  2.244 seconds
Domain Reload Profiling:
	ReloadAssembly (2244ms)
		BeginReloadAssembly (195ms)
			ExecutionOrderSort (0ms)
			DisableScriptedObjects (8ms)
			BackupInstance (0ms)
			ReleaseScriptingObjects (0ms)
			CreateAndSetChildDomain (108ms)
		EndReloadAssembly (1967ms)
			LoadAssemblies (132ms)
			RebuildTransferFunctionScriptingTraits (0ms)
			SetupTypeCache (467ms)
			ReleaseScriptCaches (1ms)
			RebuildScriptCaches (65ms)
			SetupLoadedEditorAssemblies (1144ms)
				LogAssemblyErrors (0ms)
				InitializePlatformSupportModulesInManaged (6ms)
				SetLoadedEditorAssemblies (1ms)
				RefreshPlugins (1ms)
				BeforeProcessingInitializeOnLoad (44ms)
				ProcessInitializeOnLoadAttributes (1053ms)
				ProcessInitializeOnLoadMethodAttributes (38ms)
				AfterProcessingInitializeOnLoad (1ms)
				EditorAssembliesLoaded (0ms)
			ExecutionOrderSort2 (0ms)
			AwakeInstancesAfterBackupRestoration (10ms)
Platform modules already initialized, skipping
Refreshing native plugins compatible for Editor in 1.10 ms, found 2 plugins.
Preloading 0 native plugins for Editor in 0.00 ms.
Unloading 2754 Unused Serialized files (Serialized files now loaded: 0)
System memory in use before: 251.0 MB.
System memory in use after: 251.2 MB.

Unloading 50 unused Assets to reduce memory usage. Loaded Objects now: 3278.
Total: 5.934737 ms (FindLiveObjects: 0.260105 ms CreateObjectMapping: 0.151194 ms MarkObjects: 5.495629 ms  DeleteObjects: 0.026793 ms)

AssetImportParameters requested are different than current active one (requested -> active):
  custom:video-decoder-ogg-theora: a1e56fd34408186e4bbccfd4996cb3dc -> 
  custom:container-muxer-webm: aa71ff27fc2769a1b78a27578f13a17b -> 
  custom:container-demuxer-webm: 4f35f7cbe854078d1ac9338744f61a02 -> 
  custom:container-demuxer-ogg: 62fdf1f143b41e24485cea50d1cbac27 -> 
  custom:video-encoder-webm-vp8: eb34c28f22e8b96e1ab97ce403110664 -> 
  custom:framework-osx-AVFoundation: b23960f63f64bdc6ff669e2cdcee2391 -> 
  custom:video-decoder-webm-vp8: 9c59270c3fd7afecdb556c50c9e8de78 -> 
  custom:audio-decoder-ogg-vorbis: bf7c407c2cedff20999df2af8eb42d56 -> 
  custom:audio-encoder-webm-vorbis: bf7c407c2cedff20999df2af8eb42d56 -> 
========================================================================
Received Prepare
Registering precompiled user dll's ...
Registered in 0.009190 seconds.
Begin MonoManager ReloadAssembly
Native extension for OSXStandalone target not found
Native extension for WebGL target not found
Refreshing native plugins compatible for Editor in 1.13 ms, found 2 plugins.
Preloading 0 native plugins for Editor in 0.00 ms.
System.Reflection.ReflectionTypeLoadException: Exception of type 'System.Reflection.ReflectionTypeLoadException' was thrown.
  at (wrapper managed-to-native) System.Reflection.Assembly.GetTypes(System.Reflection.Assembly,bool)
  at System.Reflection.Assembly.GetTypes () [0x00000] in <695d1cc93cca45069c528c15c9fdd749>:0 
  at AssetIcons.Editors.AssetIconTools.BuildIconDatabase () [0x0001b] in /Users/cesargarcia/Documents/GitHub/super_mecha_kaiju_dodgeball/Assets/Store/AssetIcons/Scripts/Editor/AssetIconTools.cs:248 
  at AssetIcons.Editors.AssetIconTools..cctor () [0x00029] in /Users/cesargarcia/Documents/GitHub/super_mecha_kaiju_dodgeball/Assets/Store/AssetIcons/Scripts/Editor/AssetIconTools.cs:84 
UnityEngine.StackTraceUtility:ExtractStackTrace () (at /Users/bokken/buildslave/unity/build/Runtime/Export/Scripting/StackTrace.cs:37)
UnityEngine.DebugLogHandler:LogFormat (UnityEngine.LogType,UnityEngine.Object,string,object[])
UnityEngine.Logger:Log (UnityEngine.LogType,object)
UnityEngine.Debug:LogError (object)
UnityEditor.EditorAssemblies:ProcessInitializeOnLoadAttributes (System.Type[]) (at /Users/bokken/buildslave/unity/build/Editor/Mono/EditorAssemblies.cs:138)

(Filename: /Users/bokken/buildslave/unity/build/Editor/Mono/EditorAssemblies.cs Line: 138)

Mono: successfully reloaded assembly
- Completed reload, in  2.263 seconds
Domain Reload Profiling:
	ReloadAssembly (2263ms)
		BeginReloadAssembly (192ms)
			ExecutionOrderSort (0ms)
			DisableScriptedObjects (7ms)
			BackupInstance (0ms)
			ReleaseScriptingObjects (0ms)
			CreateAndSetChildDomain (106ms)
		EndReloadAssembly (1990ms)
			LoadAssemblies (129ms)
			RebuildTransferFunctionScriptingTraits (0ms)
			SetupTypeCache (473ms)
			ReleaseScriptCaches (1ms)
			RebuildScriptCaches (67ms)
			SetupLoadedEditorAssemblies (1169ms)
				LogAssemblyErrors (0ms)
				InitializePlatformSupportModulesInManaged (6ms)
				SetLoadedEditorAssemblies (1ms)
				RefreshPlugins (1ms)
				BeforeProcessingInitializeOnLoad (44ms)
				ProcessInitializeOnLoadAttributes (1075ms)
				ProcessInitializeOnLoadMethodAttributes (40ms)
				AfterProcessingInitializeOnLoad (2ms)
				EditorAssembliesLoaded (0ms)
			ExecutionOrderSort2 (0ms)
			AwakeInstancesAfterBackupRestoration (10ms)
Platform modules already initialized, skipping
Refreshing native plugins compatible for Editor in 1.16 ms, found 2 plugins.
Preloading 0 native plugins for Editor in 0.00 ms.
Unloading 2754 Unused Serialized files (Serialized files now loaded: 0)
System memory in use before: 251.2 MB.
System memory in use after: 251.5 MB.

Unloading 50 unused Assets to reduce memory usage. Loaded Objects now: 3281.
Total: 6.266827 ms (FindLiveObjects: 0.245093 ms CreateObjectMapping: 0.126088 ms MarkObjects: 5.854979 ms  DeleteObjects: 0.039380 ms)

AssetImportParameters requested are different than current active one (requested -> active):
  custom:video-decoder-ogg-theora: a1e56fd34408186e4bbccfd4996cb3dc -> 
  custom:container-muxer-webm: aa71ff27fc2769a1b78a27578f13a17b -> 
  custom:container-demuxer-webm: 4f35f7cbe854078d1ac9338744f61a02 -> 
  custom:container-demuxer-ogg: 62fdf1f143b41e24485cea50d1cbac27 -> 
  custom:video-encoder-webm-vp8: eb34c28f22e8b96e1ab97ce403110664 -> 
  custom:framework-osx-AVFoundation: b23960f63f64bdc6ff669e2cdcee2391 -> 
  custom:video-decoder-webm-vp8: 9c59270c3fd7afecdb556c50c9e8de78 -> 
  custom:audio-decoder-ogg-vorbis: bf7c407c2cedff20999df2af8eb42d56 -> 
  custom:audio-encoder-webm-vorbis: bf7c407c2cedff20999df2af8eb42d56 -> 
========================================================================
Received Prepare
Registering precompiled user dll's ...
Registered in 0.019599 seconds.
Begin MonoManager ReloadAssembly
Native extension for OSXStandalone target not found
Native extension for WebGL target not found
Refreshing native plugins compatible for Editor in 1.04 ms, found 2 plugins.
Preloading 0 native plugins for Editor in 0.00 ms.
System.Reflection.ReflectionTypeLoadException: Exception of type 'System.Reflection.ReflectionTypeLoadException' was thrown.
  at (wrapper managed-to-native) System.Reflection.Assembly.GetTypes(System.Reflection.Assembly,bool)
  at System.Reflection.Assembly.GetTypes () [0x00000] in <695d1cc93cca45069c528c15c9fdd749>:0 
  at AssetIcons.Editors.AssetIconTools.BuildIconDatabase () [0x0001b] in /Users/cesargarcia/Documents/GitHub/super_mecha_kaiju_dodgeball/Assets/Store/AssetIcons/Scripts/Editor/AssetIconTools.cs:248 
  at AssetIcons.Editors.AssetIconTools..cctor () [0x00029] in /Users/cesargarcia/Documents/GitHub/super_mecha_kaiju_dodgeball/Assets/Store/AssetIcons/Scripts/Editor/AssetIconTools.cs:84 
UnityEngine.StackTraceUtility:ExtractStackTrace () (at /Users/bokken/buildslave/unity/build/Runtime/Export/Scripting/StackTrace.cs:37)
UnityEngine.DebugLogHandler:LogFormat (UnityEngine.LogType,UnityEngine.Object,string,object[])
UnityEngine.Logger:Log (UnityEngine.LogType,object)
UnityEngine.Debug:LogError (object)
UnityEditor.EditorAssemblies:ProcessInitializeOnLoadAttributes (System.Type[]) (at /Users/bokken/buildslave/unity/build/Editor/Mono/EditorAssemblies.cs:138)

(Filename: /Users/bokken/buildslave/unity/build/Editor/Mono/EditorAssemblies.cs Line: 138)

Mono: successfully reloaded assembly
- Completed reload, in  2.309 seconds
Domain Reload Profiling:
	ReloadAssembly (2310ms)
		BeginReloadAssembly (275ms)
			ExecutionOrderSort (0ms)
			DisableScriptedObjects (16ms)
			BackupInstance (0ms)
			ReleaseScriptingObjects (0ms)
			CreateAndSetChildDomain (153ms)
		EndReloadAssembly (1954ms)
			LoadAssemblies (154ms)
			RebuildTransferFunctionScriptingTraits (0ms)
			SetupTypeCache (469ms)
			ReleaseScriptCaches (1ms)
			RebuildScriptCaches (63ms)
			SetupLoadedEditorAssemblies (1117ms)
				LogAssemblyErrors (0ms)
				InitializePlatformSupportModulesInManaged (6ms)
				SetLoadedEditorAssemblies (1ms)
				RefreshPlugins (1ms)
				BeforeProcessingInitializeOnLoad (44ms)
				ProcessInitializeOnLoadAttributes (1024ms)
				ProcessInitializeOnLoadMethodAttributes (39ms)
				AfterProcessingInitializeOnLoad (2ms)
				EditorAssembliesLoaded (0ms)
			ExecutionOrderSort2 (0ms)
			AwakeInstancesAfterBackupRestoration (9ms)
Platform modules already initialized, skipping
Refreshing native plugins compatible for Editor in 1.08 ms, found 2 plugins.
Preloading 0 native plugins for Editor in 0.00 ms.
Unloading 2754 Unused Serialized files (Serialized files now loaded: 0)
System memory in use before: 251.4 MB.
System memory in use after: 251.7 MB.

Unloading 50 unused Assets to reduce memory usage. Loaded Objects now: 3284.
Total: 6.212295 ms (FindLiveObjects: 0.276332 ms CreateObjectMapping: 0.126242 ms MarkObjects: 5.766549 ms  DeleteObjects: 0.042023 ms)

AssetImportParameters requested are different than current active one (requested -> active):
  custom:video-decoder-ogg-theora: a1e56fd34408186e4bbccfd4996cb3dc -> 
  custom:container-muxer-webm: aa71ff27fc2769a1b78a27578f13a17b -> 
  custom:container-demuxer-webm: 4f35f7cbe854078d1ac9338744f61a02 -> 
  custom:container-demuxer-ogg: 62fdf1f143b41e24485cea50d1cbac27 -> 
  custom:video-encoder-webm-vp8: eb34c28f22e8b96e1ab97ce403110664 -> 
  custom:framework-osx-AVFoundation: b23960f63f64bdc6ff669e2cdcee2391 -> 
  custom:video-decoder-webm-vp8: 9c59270c3fd7afecdb556c50c9e8de78 -> 
  custom:audio-decoder-ogg-vorbis: bf7c407c2cedff20999df2af8eb42d56 -> 
  custom:audio-encoder-webm-vorbis: bf7c407c2cedff20999df2af8eb42d56 -> 
========================================================================
Received Prepare
Registering precompiled user dll's ...
Registered in 0.004575 seconds.
Begin MonoManager ReloadAssembly
Native extension for OSXStandalone target not found
Native extension for WebGL target not found
Refreshing native plugins compatible for Editor in 1.05 ms, found 2 plugins.
Preloading 0 native plugins for Editor in 0.00 ms.
System.Reflection.ReflectionTypeLoadException: Exception of type 'System.Reflection.ReflectionTypeLoadException' was thrown.
  at (wrapper managed-to-native) System.Reflection.Assembly.GetTypes(System.Reflection.Assembly,bool)
  at System.Reflection.Assembly.GetTypes () [0x00000] in <695d1cc93cca45069c528c15c9fdd749>:0 
  at AssetIcons.Editors.AssetIconTools.BuildIconDatabase () [0x0001b] in /Users/cesargarcia/Documents/GitHub/super_mecha_kaiju_dodgeball/Assets/Store/AssetIcons/Scripts/Editor/AssetIconTools.cs:248 
  at AssetIcons.Editors.AssetIconTools..cctor () [0x00029] in /Users/cesargarcia/Documents/GitHub/super_mecha_kaiju_dodgeball/Assets/Store/AssetIcons/Scripts/Editor/AssetIconTools.cs:84 
UnityEngine.StackTraceUtility:ExtractStackTrace () (at /Users/bokken/buildslave/unity/build/Runtime/Export/Scripting/StackTrace.cs:37)
UnityEngine.DebugLogHandler:LogFormat (UnityEngine.LogType,UnityEngine.Object,string,object[])
UnityEngine.Logger:Log (UnityEngine.LogType,object)
UnityEngine.Debug:LogError (object)
UnityEditor.EditorAssemblies:ProcessInitializeOnLoadAttributes (System.Type[]) (at /Users/bokken/buildslave/unity/build/Editor/Mono/EditorAssemblies.cs:138)

(Filename: /Users/bokken/buildslave/unity/build/Editor/Mono/EditorAssemblies.cs Line: 138)

Mono: successfully reloaded assembly
- Completed reload, in  2.414 seconds
Domain Reload Profiling:
	ReloadAssembly (2414ms)
		BeginReloadAssembly (324ms)
			ExecutionOrderSort (0ms)
			DisableScriptedObjects (7ms)
			BackupInstance (0ms)
			ReleaseScriptingObjects (0ms)
			CreateAndSetChildDomain (219ms)
		EndReloadAssembly (1976ms)
			LoadAssemblies (156ms)
			RebuildTransferFunctionScriptingTraits (0ms)
			SetupTypeCache (471ms)
			ReleaseScriptCaches (1ms)
			RebuildScriptCaches (68ms)
			SetupLoadedEditorAssemblies (1145ms)
				LogAssemblyErrors (0ms)
				InitializePlatformSupportModulesInManaged (6ms)
				SetLoadedEditorAssemblies (1ms)
				RefreshPlugins (1ms)
				BeforeProcessingInitializeOnLoad (44ms)
				ProcessInitializeOnLoadAttributes (1053ms)
				ProcessInitializeOnLoadMethodAttributes (39ms)
				AfterProcessingInitializeOnLoad (1ms)
				EditorAssembliesLoaded (0ms)
			ExecutionOrderSort2 (0ms)
			AwakeInstancesAfterBackupRestoration (9ms)
Platform modules already initialized, skipping
Refreshing native plugins compatible for Editor in 1.07 ms, found 2 plugins.
Preloading 0 native plugins for Editor in 0.00 ms.
Unloading 2754 Unused Serialized files (Serialized files now loaded: 0)
System memory in use before: 251.7 MB.
System memory in use after: 251.9 MB.

Unloading 50 unused Assets to reduce memory usage. Loaded Objects now: 3287.
Total: 6.034181 ms (FindLiveObjects: 0.227018 ms CreateObjectMapping: 0.119588 ms MarkObjects: 5.657998 ms  DeleteObjects: 0.028509 ms)

AssetImportParameters requested are different than current active one (requested -> active):
  custom:video-decoder-ogg-theora: a1e56fd34408186e4bbccfd4996cb3dc -> 
  custom:container-muxer-webm: aa71ff27fc2769a1b78a27578f13a17b -> 
  custom:container-demuxer-webm: 4f35f7cbe854078d1ac9338744f61a02 -> 
  custom:container-demuxer-ogg: 62fdf1f143b41e24485cea50d1cbac27 -> 
  custom:video-encoder-webm-vp8: eb34c28f22e8b96e1ab97ce403110664 -> 
  custom:framework-osx-AVFoundation: b23960f63f64bdc6ff669e2cdcee2391 -> 
  custom:video-decoder-webm-vp8: 9c59270c3fd7afecdb556c50c9e8de78 -> 
  custom:audio-decoder-ogg-vorbis: bf7c407c2cedff20999df2af8eb42d56 -> 
  custom:audio-encoder-webm-vorbis: bf7c407c2cedff20999df2af8eb42d56 -> 
========================================================================
Received Import Request.
  Time since last request: 10454.926046 seconds.
  path: Assets/Resources/platformer/3d-models/Materials/Black.mat
  artifactKey: Guid(9ca7959f9d7a448efbace88d43c67b79) Importer(815301076,1909f56bfc062723c751e8b465ee728b)
Start importing Assets/Resources/platformer/3d-models/Materials/Black.mat using Guid(9ca7959f9d7a448efbace88d43c67b79) Importer(815301076,1909f56bfc062723c751e8b465ee728b)  -> (artifact id: 'e868780253c8b4a8f17148fcdc87a69e') in 0.085840 seconds 
========================================================================
Received Import Request.
  Time since last request: 41.854858 seconds.
  path: Assets/Resources/platformer/3d-models/Materials/White.mat
  artifactKey: Guid(16937ef7d5be34c459a7d97a0196b0d5) Importer(815301076,1909f56bfc062723c751e8b465ee728b)
Start importing Assets/Resources/platformer/3d-models/Materials/White.mat using Guid(16937ef7d5be34c459a7d97a0196b0d5) Importer(815301076,1909f56bfc062723c751e8b465ee728b)  -> (artifact id: '273cab17540bd4c57a11305f19287a91') in 0.015352 seconds 
========================================================================
Received Prepare
Registering precompiled user dll's ...
Registered in 0.014022 seconds.
Begin MonoManager ReloadAssembly
Native extension for OSXStandalone target not found
Native extension for WebGL target not found
Refreshing native plugins compatible for Editor in 1.09 ms, found 2 plugins.
Preloading 0 native plugins for Editor in 0.00 ms.
System.Reflection.ReflectionTypeLoadException: Exception of type 'System.Reflection.ReflectionTypeLoadException' was thrown.
  at (wrapper managed-to-native) System.Reflection.Assembly.GetTypes(System.Reflection.Assembly,bool)
  at System.Reflection.Assembly.GetTypes () [0x00000] in <695d1cc93cca45069c528c15c9fdd749>:0 
  at AssetIcons.Editors.AssetIconTools.BuildIconDatabase () [0x0001b] in /Users/cesargarcia/Documents/GitHub/super_mecha_kaiju_dodgeball/Assets/Store/AssetIcons/Scripts/Editor/AssetIconTools.cs:248 
  at AssetIcons.Editors.AssetIconTools..cctor () [0x00029] in /Users/cesargarcia/Documents/GitHub/super_mecha_kaiju_dodgeball/Assets/Store/AssetIcons/Scripts/Editor/AssetIconTools.cs:84 
UnityEngine.StackTraceUtility:ExtractStackTrace () (at /Users/bokken/buildslave/unity/build/Runtime/Export/Scripting/StackTrace.cs:37)
UnityEngine.DebugLogHandler:LogFormat (UnityEngine.LogType,UnityEngine.Object,string,object[])
UnityEngine.Logger:Log (UnityEngine.LogType,object)
UnityEngine.Debug:LogError (object)
UnityEditor.EditorAssemblies:ProcessInitializeOnLoadAttributes (System.Type[]) (at /Users/bokken/buildslave/unity/build/Editor/Mono/EditorAssemblies.cs:138)

(Filename: /Users/bokken/buildslave/unity/build/Editor/Mono/EditorAssemblies.cs Line: 138)

Mono: successfully reloaded assembly
- Completed reload, in  2.322 seconds
Domain Reload Profiling:
	ReloadAssembly (2323ms)
		BeginReloadAssembly (289ms)
			ExecutionOrderSort (0ms)
			DisableScriptedObjects (23ms)
			BackupInstance (0ms)
			ReleaseScriptingObjects (0ms)
			CreateAndSetChildDomain (165ms)
		EndReloadAssembly (1953ms)
			LoadAssemblies (149ms)
			RebuildTransferFunctionScriptingTraits (0ms)
			SetupTypeCache (475ms)
			ReleaseScriptCaches (1ms)
			RebuildScriptCaches (64ms)
			SetupLoadedEditorAssemblies (1112ms)
				LogAssemblyErrors (0ms)
				InitializePlatformSupportModulesInManaged (6ms)
				SetLoadedEditorAssemblies (1ms)
				RefreshPlugins (1ms)
				BeforeProcessingInitializeOnLoad (45ms)
				ProcessInitializeOnLoadAttributes (1023ms)
				ProcessInitializeOnLoadMethodAttributes (35ms)
				AfterProcessingInitializeOnLoad (1ms)
				EditorAssembliesLoaded (0ms)
			ExecutionOrderSort2 (0ms)
			AwakeInstancesAfterBackupRestoration (9ms)
Platform modules already initialized, skipping
Refreshing native plugins compatible for Editor in 1.04 ms, found 2 plugins.
Preloading 0 native plugins for Editor in 0.00 ms.
Unloading 2754 Unused Serialized files (Serialized files now loaded: 0)
System memory in use before: 252.0 MB.
System memory in use after: 252.2 MB.

Unloading 50 unused Assets to reduce memory usage. Loaded Objects now: 3291.
Total: 5.822735 ms (FindLiveObjects: 0.273728 ms CreateObjectMapping: 0.127180 ms MarkObjects: 5.375240 ms  DeleteObjects: 0.045429 ms)

AssetImportParameters requested are different than current active one (requested -> active):
  custom:video-decoder-ogg-theora: a1e56fd34408186e4bbccfd4996cb3dc -> 
  custom:container-muxer-webm: aa71ff27fc2769a1b78a27578f13a17b -> 
  custom:container-demuxer-webm: 4f35f7cbe854078d1ac9338744f61a02 -> 
  custom:container-demuxer-ogg: 62fdf1f143b41e24485cea50d1cbac27 -> 
  custom:video-encoder-webm-vp8: eb34c28f22e8b96e1ab97ce403110664 -> 
  custom:framework-osx-AVFoundation: b23960f63f64bdc6ff669e2cdcee2391 -> 
  custom:video-decoder-webm-vp8: 9c59270c3fd7afecdb556c50c9e8de78 -> 
  custom:audio-decoder-ogg-vorbis: bf7c407c2cedff20999df2af8eb42d56 -> 
  custom:audio-encoder-webm-vorbis: bf7c407c2cedff20999df2af8eb42d56 -> 
========================================================================
Received Import Request.
  Time since last request: 2582.785987 seconds.
  path: Assets/Resources/platformer/3d-models/teatre-stage
  artifactKey: Guid(d6b7fc86b34874b7ab729146edd806b4) Importer(815301076,1909f56bfc062723c751e8b465ee728b)
Start importing Assets/Resources/platformer/3d-models/teatre-stage using Guid(d6b7fc86b34874b7ab729146edd806b4) Importer(815301076,1909f56bfc062723c751e8b465ee728b)  -> (artifact id: '04db9799ed2d60c9e902758e2d30b454') in 0.156425 seconds 
========================================================================
Received Import Request.
  Time since last request: 100.595490 seconds.
  path: Assets/Resources/platformer/3d-models/teatre-stage/cortina.obj
  artifactKey: Guid(5db4f890f238c424ca548a89da975a13) Importer(815301076,1909f56bfc062723c751e8b465ee728b)
Start importing Assets/Resources/platformer/3d-models/teatre-stage/cortina.obj using Guid(5db4f890f238c424ca548a89da975a13) Importer(815301076,1909f56bfc062723c751e8b465ee728b)  -> (artifact id: '2ae4959a14175a2071abea009a03b0d3') in 0.647521 seconds 
========================================================================
Received Import Request.
  Time since last request: 632.680328 seconds.
  path: Assets/Resources/platformer/3d-models/teatre-stage/cortina.fbx
  artifactKey: Guid(2713ecea7605e46bc943c6796d472f39) Importer(815301076,1909f56bfc062723c751e8b465ee728b)
Start importing Assets/Resources/platformer/3d-models/teatre-stage/cortina.fbx using Guid(2713ecea7605e46bc943c6796d472f39) Importer(815301076,1909f56bfc062723c751e8b465ee728b)  -> (artifact id: 'f2a6090c1737678be76ecdb7579960f3') in 0.096633 seconds 
========================================================================
Received Import Request.
  Time since last request: 132.147427 seconds.
  path: Assets/Resources/platformer/3d-models/teatre-stage/cortina.fbx
  artifactKey: Guid(2713ecea7605e46bc943c6796d472f39) Importer(815301076,1909f56bfc062723c751e8b465ee728b)
Start importing Assets/Resources/platformer/3d-models/teatre-stage/cortina.fbx using Guid(2713ecea7605e46bc943c6796d472f39) Importer(815301076,1909f56bfc062723c751e8b465ee728b)  -> (artifact id: '5b12e02130501f33cd1d419849b2f9b5') in 0.027056 seconds 
========================================================================
Received Prepare
Registering precompiled user dll's ...
Registered in 0.008500 seconds.
Begin MonoManager ReloadAssembly
Native extension for OSXStandalone target not found
Native extension for WebGL target not found
Refreshing native plugins compatible for Editor in 1.04 ms, found 2 plugins.
Preloading 0 native plugins for Editor in 0.00 ms.
System.Reflection.ReflectionTypeLoadException: Exception of type 'System.Reflection.ReflectionTypeLoadException' was thrown.
  at (wrapper managed-to-native) System.Reflection.Assembly.GetTypes(System.Reflection.Assembly,bool)
  at System.Reflection.Assembly.GetTypes () [0x00000] in <695d1cc93cca45069c528c15c9fdd749>:0 
  at AssetIcons.Editors.AssetIconTools.BuildIconDatabase () [0x0001b] in /Users/cesargarcia/Documents/GitHub/super_mecha_kaiju_dodgeball/Assets/Store/AssetIcons/Scripts/Editor/AssetIconTools.cs:248 
  at AssetIcons.Editors.AssetIconTools..cctor () [0x00029] in /Users/cesargarcia/Documents/GitHub/super_mecha_kaiju_dodgeball/Assets/Store/AssetIcons/Scripts/Editor/AssetIconTools.cs:84 
UnityEngine.StackTraceUtility:ExtractStackTrace () (at /Users/bokken/buildslave/unity/build/Runtime/Export/Scripting/StackTrace.cs:37)
UnityEngine.DebugLogHandler:LogFormat (UnityEngine.LogType,UnityEngine.Object,string,object[])
UnityEngine.Logger:Log (UnityEngine.LogType,object)
UnityEngine.Debug:LogError (object)
UnityEditor.EditorAssemblies:ProcessInitializeOnLoadAttributes (System.Type[]) (at /Users/bokken/buildslave/unity/build/Editor/Mono/EditorAssemblies.cs:138)

(Filename: /Users/bokken/buildslave/unity/build/Editor/Mono/EditorAssemblies.cs Line: 138)

Mono: successfully reloaded assembly
- Completed reload, in  2.445 seconds
Domain Reload Profiling:
	ReloadAssembly (2446ms)
		BeginReloadAssembly (325ms)
			ExecutionOrderSort (0ms)
			DisableScriptedObjects (18ms)
			BackupInstance (0ms)
			ReleaseScriptingObjects (0ms)
			CreateAndSetChildDomain (206ms)
		EndReloadAssembly (2033ms)
			LoadAssemblies (156ms)
			RebuildTransferFunctionScriptingTraits (0ms)
			SetupTypeCache (500ms)
			ReleaseScriptCaches (2ms)
			RebuildScriptCaches (65ms)
			SetupLoadedEditorAssemblies (1152ms)
				LogAssemblyErrors (0ms)
				InitializePlatformSupportModulesInManaged (6ms)
				SetLoadedEditorAssemblies (1ms)
				RefreshPlugins (1ms)
				BeforeProcessingInitializeOnLoad (46ms)
				ProcessInitializeOnLoadAttributes (1059ms)
				ProcessInitializeOnLoadMethodAttributes (37ms)
				AfterProcessingInitializeOnLoad (2ms)
				EditorAssembliesLoaded (0ms)
			ExecutionOrderSort2 (0ms)
			AwakeInstancesAfterBackupRestoration (9ms)
Platform modules already initialized, skipping
Refreshing native plugins compatible for Editor in 1.04 ms, found 2 plugins.
Preloading 0 native plugins for Editor in 0.00 ms.
Unloading 2754 Unused Serialized files (Serialized files now loaded: 0)
System memory in use before: 256.7 MB.
System memory in use after: 256.9 MB.

Unloading 50 unused Assets to reduce memory usage. Loaded Objects now: 3295.
Total: 5.902540 ms (FindLiveObjects: 0.295357 ms CreateObjectMapping: 0.128299 ms MarkObjects: 5.418298 ms  DeleteObjects: 0.059590 ms)

AssetImportParameters requested are different than current active one (requested -> active):
  custom:video-decoder-ogg-theora: a1e56fd34408186e4bbccfd4996cb3dc -> 
  custom:container-muxer-webm: aa71ff27fc2769a1b78a27578f13a17b -> 
  custom:container-demuxer-webm: 4f35f7cbe854078d1ac9338744f61a02 -> 
  custom:container-demuxer-ogg: 62fdf1f143b41e24485cea50d1cbac27 -> 
  custom:video-encoder-webm-vp8: eb34c28f22e8b96e1ab97ce403110664 -> 
  custom:framework-osx-AVFoundation: b23960f63f64bdc6ff669e2cdcee2391 -> 
  custom:video-decoder-webm-vp8: 9c59270c3fd7afecdb556c50c9e8de78 -> 
  custom:audio-decoder-ogg-vorbis: bf7c407c2cedff20999df2af8eb42d56 -> 
  custom:audio-encoder-webm-vorbis: bf7c407c2cedff20999df2af8eb42d56 -> 
========================================================================
Received Import Request.
  Time since last request: 36168.057158 seconds.
  path: Assets/Resources/platformer/3d-models/Materials/glass(Clone).mat
  artifactKey: Guid(9dc6bf62aa9914eaba317eb1e3b9d158) Importer(815301076,1909f56bfc062723c751e8b465ee728b)
Start importing Assets/Resources/platformer/3d-models/Materials/glass(Clone).mat using Guid(9dc6bf62aa9914eaba317eb1e3b9d158) Importer(815301076,1909f56bfc062723c751e8b465ee728b)  -> (artifact id: '18415b1b0981d487c03d9c166ebd67b4') in 0.342278 seconds 
========================================================================
Received Import Request.
  Time since last request: 0.000279 seconds.
  path: Assets/Resources/platformer/3d-models/Materials/metalLight(Clone).mat
  artifactKey: Guid(906a47ffa43ce4844bd3f1169f66e755) Importer(815301076,1909f56bfc062723c751e8b465ee728b)
Start importing Assets/Resources/platformer/3d-models/Materials/metalLight(Clone).mat using Guid(906a47ffa43ce4844bd3f1169f66e755) Importer(815301076,1909f56bfc062723c751e8b465ee728b)  -> (artifact id: 'd26a5d71a1f3cd21057186e0db9a41a5') in 0.015380 seconds 
========================================================================
Received Import Request.
  Time since last request: 20.076505 seconds.
  path: Assets/Resources/platformer/3d-models/Materials/WhiteLight.mat
  artifactKey: Guid(83a69ea1ed29849408f010fb48020ace) Importer(815301076,1909f56bfc062723c751e8b465ee728b)
Start importing Assets/Resources/platformer/3d-models/Materials/WhiteLight.mat using Guid(83a69ea1ed29849408f010fb48020ace) Importer(815301076,1909f56bfc062723c751e8b465ee728b)  -> (artifact id: '4220aca35bbfd7b3a8c3c0505dfdcd96') in 0.017149 seconds 
========================================================================
Received Prepare
Registering precompiled user dll's ...
Registered in 0.009093 seconds.
Begin MonoManager ReloadAssembly
Native extension for OSXStandalone target not found
Native extension for WebGL target not found
Refreshing native plugins compatible for Editor in 1.34 ms, found 2 plugins.
Preloading 0 native plugins for Editor in 0.00 ms.
System.Reflection.ReflectionTypeLoadException: Exception of type 'System.Reflection.ReflectionTypeLoadException' was thrown.
  at (wrapper managed-to-native) System.Reflection.Assembly.GetTypes(System.Reflection.Assembly,bool)
  at System.Reflection.Assembly.GetTypes () [0x00000] in <695d1cc93cca45069c528c15c9fdd749>:0 
  at AssetIcons.Editors.AssetIconTools.BuildIconDatabase () [0x0001b] in /Users/cesargarcia/Documents/GitHub/super_mecha_kaiju_dodgeball/Assets/Store/AssetIcons/Scripts/Editor/AssetIconTools.cs:248 
  at AssetIcons.Editors.AssetIconTools..cctor () [0x00029] in /Users/cesargarcia/Documents/GitHub/super_mecha_kaiju_dodgeball/Assets/Store/AssetIcons/Scripts/Editor/AssetIconTools.cs:84 
UnityEngine.StackTraceUtility:ExtractStackTrace () (at /Users/bokken/buildslave/unity/build/Runtime/Export/Scripting/StackTrace.cs:37)
UnityEngine.DebugLogHandler:LogFormat (UnityEngine.LogType,UnityEngine.Object,string,object[])
UnityEngine.Logger:Log (UnityEngine.LogType,object)
UnityEngine.Debug:LogError (object)
UnityEditor.EditorAssemblies:ProcessInitializeOnLoadAttributes (System.Type[]) (at /Users/bokken/buildslave/unity/build/Editor/Mono/EditorAssemblies.cs:138)

(Filename: /Users/bokken/buildslave/unity/build/Editor/Mono/EditorAssemblies.cs Line: 138)

Mono: successfully reloaded assembly
- Completed reload, in  2.485 seconds
Domain Reload Profiling:
	ReloadAssembly (2486ms)
		BeginReloadAssembly (370ms)
			ExecutionOrderSort (0ms)
			DisableScriptedObjects (34ms)
			BackupInstance (0ms)
			ReleaseScriptingObjects (0ms)
			CreateAndSetChildDomain (223ms)
		EndReloadAssembly (2035ms)
			LoadAssemblies (150ms)
			RebuildTransferFunctionScriptingTraits (0ms)
			SetupTypeCache (503ms)
			ReleaseScriptCaches (2ms)
			RebuildScriptCaches (64ms)
			SetupLoadedEditorAssemblies (1141ms)
				LogAssemblyErrors (0ms)
				InitializePlatformSupportModulesInManaged (7ms)
				SetLoadedEditorAssemblies (1ms)
				RefreshPlugins (1ms)
				BeforeProcessingInitializeOnLoad (47ms)
				ProcessInitializeOnLoadAttributes (1049ms)
				ProcessInitializeOnLoadMethodAttributes (35ms)
				AfterProcessingInitializeOnLoad (1ms)
				EditorAssembliesLoaded (0ms)
			ExecutionOrderSort2 (0ms)
			AwakeInstancesAfterBackupRestoration (9ms)
Platform modules already initialized, skipping
Refreshing native plugins compatible for Editor in 1.24 ms, found 2 plugins.
Preloading 0 native plugins for Editor in 0.00 ms.
Unloading 2754 Unused Serialized files (Serialized files now loaded: 0)
System memory in use before: 257.0 MB.
System memory in use after: 257.2 MB.

Unloading 50 unused Assets to reduce memory usage. Loaded Objects now: 3299.
Total: 6.151742 ms (FindLiveObjects: 0.273334 ms CreateObjectMapping: 0.130569 ms MarkObjects: 5.690477 ms  DeleteObjects: 0.056286 ms)

AssetImportParameters requested are different than current active one (requested -> active):
  custom:video-decoder-ogg-theora: a1e56fd34408186e4bbccfd4996cb3dc -> 
  custom:container-muxer-webm: aa71ff27fc2769a1b78a27578f13a17b -> 
  custom:container-demuxer-webm: 4f35f7cbe854078d1ac9338744f61a02 -> 
  custom:container-demuxer-ogg: 62fdf1f143b41e24485cea50d1cbac27 -> 
  custom:video-encoder-webm-vp8: eb34c28f22e8b96e1ab97ce403110664 -> 
  custom:framework-osx-AVFoundation: b23960f63f64bdc6ff669e2cdcee2391 -> 
  custom:video-decoder-webm-vp8: 9c59270c3fd7afecdb556c50c9e8de78 -> 
  custom:audio-decoder-ogg-vorbis: bf7c407c2cedff20999df2af8eb42d56 -> 
  custom:audio-encoder-webm-vorbis: bf7c407c2cedff20999df2af8eb42d56 -> 
========================================================================
Received Import Request.
  Time since last request: 3698.222995 seconds.
  path: Assets/Resources/platformer/3d-models/Materials/New Lighting Settings.lighting
  artifactKey: Guid(c6cca6b1efff74f808ac9add4abd03db) Importer(815301076,1909f56bfc062723c751e8b465ee728b)
Start importing Assets/Resources/platformer/3d-models/Materials/New Lighting Settings.lighting using Guid(c6cca6b1efff74f808ac9add4abd03db) Importer(815301076,1909f56bfc062723c751e8b465ee728b)  -> (artifact id: '1e14090824520e374b55558217635c81') in 0.301630 seconds 
========================================================================
Received Import Request.
  Time since last request: 1183.146971 seconds.
  path: Assets/Resources/platformer/scene/light test.unity
  artifactKey: Guid(156aa6a316c854ba28d36e3898a39534) Importer(815301076,1909f56bfc062723c751e8b465ee728b)
Start importing Assets/Resources/platformer/scene/light test.unity using Guid(156aa6a316c854ba28d36e3898a39534) Importer(815301076,1909f56bfc062723c751e8b465ee728b)  -> (artifact id: 'f8ce6830b784b777f3bcc6371c65d75f') in 0.064137 seconds 
========================================================================
Received Import Request.
  Time since last request: 62.822645 seconds.
  path: Assets/Resources/platformer/scene/test level.unity
  artifactKey: Guid(d02b0762240bf3749a2577ac8cf24120) Importer(815301076,1909f56bfc062723c751e8b465ee728b)
Start importing Assets/Resources/platformer/scene/test level.unity using Guid(d02b0762240bf3749a2577ac8cf24120) Importer(815301076,1909f56bfc062723c751e8b465ee728b)  -> (artifact id: '03eaa41e75628b13a82cc5300cfc1c38') in 0.004561 seconds 
========================================================================
Received Import Request.
  Time since last request: 2174.730942 seconds.
  path: Assets/Resources/platformer/3d-models/FrogGuy.fbx
  artifactKey: Guid(23e29b8ac90d84e8a8508f9d5a30d779) Importer(815301076,1909f56bfc062723c751e8b465ee728b)
Start importing Assets/Resources/platformer/3d-models/FrogGuy.fbx using Guid(23e29b8ac90d84e8a8508f9d5a30d779) Importer(815301076,1909f56bfc062723c751e8b465ee728b)  -> (artifact id: '7eab66a3131aab1289a08f5401758a35') in 0.967585 seconds 
========================================================================
Received Import Request.
  Time since last request: 23.751366 seconds.
  path: Assets/Resources/platformer/3d-models/teatre-stage/cortina.fbx
  artifactKey: Guid(2713ecea7605e46bc943c6796d472f39) Importer(815301076,1909f56bfc062723c751e8b465ee728b)
Start importing Assets/Resources/platformer/3d-models/teatre-stage/cortina.fbx using Guid(2713ecea7605e46bc943c6796d472f39) Importer(815301076,1909f56bfc062723c751e8b465ee728b)  -> (artifact id: '18a47893a80e075c4537bece1cc6a9c3') in 0.026284 seconds 
========================================================================
Received Import Request.
  Time since last request: 4406.566124 seconds.
  path: Assets/Resources/platformer/scene/light test.unity
  artifactKey: Guid(156aa6a316c854ba28d36e3898a39534) Importer(815301076,1909f56bfc062723c751e8b465ee728b)
Start importing Assets/Resources/platformer/scene/light test.unity using Guid(156aa6a316c854ba28d36e3898a39534) Importer(815301076,1909f56bfc062723c751e8b465ee728b)  -> (artifact id: '04536216a16fff97e7aa8c77816159e2') in 0.042613 seconds 
========================================================================
Received Import Request.
  Time since last request: 13711.868572 seconds.
  path: Assets/Resources/platformer/3d-models/teatre-stage/room.obj
  artifactKey: Guid(334dc61b97e56452dbdf8270d9c6041b) Importer(815301076,1909f56bfc062723c751e8b465ee728b)
Start importing Assets/Resources/platformer/3d-models/teatre-stage/room.obj using Guid(334dc61b97e56452dbdf8270d9c6041b) Importer(815301076,1909f56bfc062723c751e8b465ee728b)  -> (artifact id: 'b0f1180f028f8e0f257f6ade0abd5832') in 0.500956 seconds 
========================================================================
Received Import Request.
  Time since last request: 200.273722 seconds.
  path: Assets/Resources/platformer/3d-models/teatre-stage/room.obj
  artifactKey: Guid(334dc61b97e56452dbdf8270d9c6041b) Importer(815301076,1909f56bfc062723c751e8b465ee728b)
Start importing Assets/Resources/platformer/3d-models/teatre-stage/room.obj using Guid(334dc61b97e56452dbdf8270d9c6041b) Importer(815301076,1909f56bfc062723c751e8b465ee728b)  -> (artifact id: '308d5cb39969a5bd1d0450d8043dcce2') in 0.194614 seconds 
========================================================================
Received Import Request.
  Time since last request: 164.142553 seconds.
  path: Assets/Resources/platformer/3d-models/teatre-stage/room.obj
  artifactKey: Guid(334dc61b97e56452dbdf8270d9c6041b) Importer(815301076,1909f56bfc062723c751e8b465ee728b)
Start importing Assets/Resources/platformer/3d-models/teatre-stage/room.obj using Guid(334dc61b97e56452dbdf8270d9c6041b) Importer(815301076,1909f56bfc062723c751e8b465ee728b)  -> (artifact id: '5dc9dd7f60d71dfeaa49acf67d473cd2') in 0.167320 seconds 
========================================================================
Received Import Request.
  Time since last request: 74.723075 seconds.
  path: Assets/Resources/platformer/3d-models/teatre-stage/ball.obj
  artifactKey: Guid(cdefd58aee6bb4ae3b3ddc7f518aeb00) Importer(815301076,1909f56bfc062723c751e8b465ee728b)
Start importing Assets/Resources/platformer/3d-models/teatre-stage/ball.obj using Guid(cdefd58aee6bb4ae3b3ddc7f518aeb00) Importer(815301076,1909f56bfc062723c751e8b465ee728b)  -> (artifact id: 'df603cc2bc7283bbf2df4585e506f775') in 0.051606 seconds 
========================================================================
Received Import Request.
  Time since last request: 262.458751 seconds.
  path: Assets/Resources/platformer/3d-models/Materials/WhiteLight.mat
  artifactKey: Guid(83a69ea1ed29849408f010fb48020ace) Importer(815301076,1909f56bfc062723c751e8b465ee728b)
Start importing Assets/Resources/platformer/3d-models/Materials/WhiteLight.mat using Guid(83a69ea1ed29849408f010fb48020ace) Importer(815301076,1909f56bfc062723c751e8b465ee728b)  -> (artifact id: 'e2a53765acf67d7baac7ec38d07b555a') in 0.176956 seconds 
========================================================================
Received Import Request.
  Time since last request: 1035.660852 seconds.
  path: Assets/Resources/platformer/3d-models/Materials/WhiteLight.mat
  artifactKey: Guid(83a69ea1ed29849408f010fb48020ace) Importer(815301076,1909f56bfc062723c751e8b465ee728b)
Start importing Assets/Resources/platformer/3d-models/Materials/WhiteLight.mat using Guid(83a69ea1ed29849408f010fb48020ace) Importer(815301076,1909f56bfc062723c751e8b465ee728b)  -> (artifact id: 'a62c62ff568b4592ba277b0b32dca5ee') in 0.072237 seconds 
========================================================================
Received Import Request.
  Time since last request: 217.588811 seconds.
  path: Assets/Resources/platformer/3d-models/Materials/New Lighting Settings.lighting
  artifactKey: Guid(c6cca6b1efff74f808ac9add4abd03db) Importer(815301076,1909f56bfc062723c751e8b465ee728b)
Start importing Assets/Resources/platformer/3d-models/Materials/New Lighting Settings.lighting using Guid(c6cca6b1efff74f808ac9add4abd03db) Importer(815301076,1909f56bfc062723c751e8b465ee728b)  -> (artifact id: '43552f513d44c130ca9c802785f3923b') in 0.020875 seconds 
========================================================================
Received Prepare
Registering precompiled user dll's ...
Registered in 0.010895 seconds.
Begin MonoManager ReloadAssembly
Native extension for OSXStandalone target not found
Native extension for WebGL target not found
Refreshing native plugins compatible for Editor in 231.49 ms, found 2 plugins.
Preloading 0 native plugins for Editor in 0.00 ms.
System.Reflection.ReflectionTypeLoadException: Exception of type 'System.Reflection.ReflectionTypeLoadException' was thrown.
  at (wrapper managed-to-native) System.Reflection.Assembly.GetTypes(System.Reflection.Assembly,bool)
  at System.Reflection.Assembly.GetTypes () [0x00000] in <695d1cc93cca45069c528c15c9fdd749>:0 
  at AssetIcons.Editors.AssetIconTools.BuildIconDatabase () [0x0001b] in /Users/cesargarcia/Documents/GitHub/super_mecha_kaiju_dodgeball/Assets/Store/AssetIcons/Scripts/Editor/AssetIconTools.cs:248 
  at AssetIcons.Editors.AssetIconTools..cctor () [0x00029] in /Users/cesargarcia/Documents/GitHub/super_mecha_kaiju_dodgeball/Assets/Store/AssetIcons/Scripts/Editor/AssetIconTools.cs:84 
UnityEngine.StackTraceUtility:ExtractStackTrace () (at /Users/bokken/buildslave/unity/build/Runtime/Export/Scripting/StackTrace.cs:37)
UnityEngine.DebugLogHandler:LogFormat (UnityEngine.LogType,UnityEngine.Object,string,object[])
UnityEngine.Logger:Log (UnityEngine.LogType,object)
UnityEngine.Debug:LogError (object)
UnityEditor.EditorAssemblies:ProcessInitializeOnLoadAttributes (System.Type[]) (at /Users/bokken/buildslave/unity/build/Editor/Mono/EditorAssemblies.cs:138)

(Filename: /Users/bokken/buildslave/unity/build/Editor/Mono/EditorAssemblies.cs Line: 138)

Mono: successfully reloaded assembly
- Completed reload, in  4.289 seconds
Domain Reload Profiling:
	ReloadAssembly (4290ms)
		BeginReloadAssembly (573ms)
			ExecutionOrderSort (0ms)
			DisableScriptedObjects (35ms)
			BackupInstance (0ms)
			ReleaseScriptingObjects (0ms)
			CreateAndSetChildDomain (379ms)
		EndReloadAssembly (3579ms)
			LoadAssemblies (223ms)
			RebuildTransferFunctionScriptingTraits (0ms)
			SetupTypeCache (1002ms)
			ReleaseScriptCaches (3ms)
			RebuildScriptCaches (128ms)
			SetupLoadedEditorAssemblies (1895ms)
				LogAssemblyErrors (0ms)
				InitializePlatformSupportModulesInManaged (11ms)
				SetLoadedEditorAssemblies (0ms)
				RefreshPlugins (232ms)
				BeforeProcessingInitializeOnLoad (106ms)
				ProcessInitializeOnLoadAttributes (1503ms)
				ProcessInitializeOnLoadMethodAttributes (42ms)
				AfterProcessingInitializeOnLoad (1ms)
				EditorAssembliesLoaded (0ms)
			ExecutionOrderSort2 (0ms)
			AwakeInstancesAfterBackupRestoration (10ms)
Platform modules already initialized, skipping
Shader 'Universal Render Pipeline/Nature/SpeedTree7': dependency 'BillboardShader' shader 'Universal Render Pipeline/Nature/SpeedTree7 Billboard' not found
Shader 'Universal Render Pipeline/Baked Lit': fallback shader 'Universal Render Pipeline/Unlit' not found
Shader 'Universal Render Pipeline/Simple Lit': fallback shader 'Hidden/Universal Render Pipeline/FallbackError' not found
Shader 'Universal Render Pipeline/Terrain/Lit': fallback shader 'Hidden/Universal Render Pipeline/FallbackError' not found
Shader 'Universal Render Pipeline/Terrain/Lit': dependency 'AddPassShader' shader 'Hidden/Universal Render Pipeline/Terrain/Lit (Add Pass)' not found
Shader 'Universal Render Pipeline/Terrain/Lit': dependency 'BaseMapShader' shader 'Hidden/Universal Render Pipeline/Terrain/Lit (Base Pass)' not found
Shader 'Universal Render Pipeline/Terrain/Lit': dependency 'BaseMapGenShader' shader 'Hidden/Universal Render Pipeline/Terrain/Lit (Basemap Gen)' not found
Shader 'Hidden/Universal Render Pipeline/Terrain/Lit (Add Pass)': fallback shader 'Hidden/Universal Render Pipeline/FallbackError' not found
Shader 'Hidden/Universal Render Pipeline/Terrain/Lit (Base Pass)': fallback shader 'Hidden/Universal Render Pipeline/FallbackError' not found
Shader 'Universal Render Pipeline/Particles/Lit': fallback shader 'Universal Render Pipeline/Particles/SimpleLit' not found
Shader 'Universal Render Pipeline/Particles/Lit': fallback shader 'Universal Render Pipeline/Particles/SimpleLit' not found
Refreshing native plugins compatible for Editor in 1.29 ms, found 2 plugins.
Preloading 0 native plugins for Editor in 0.00 ms.
Unloading 4027 Unused Serialized files (Serialized files now loaded: 0)
System memory in use before: 323.4 MB.
System memory in use after: 319.4 MB.

Unloading 107 unused Assets to reduce memory usage. Loaded Objects now: 4520.
Total: 9.646801 ms (FindLiveObjects: 0.447749 ms CreateObjectMapping: 0.228577 ms MarkObjects: 6.869894 ms  DeleteObjects: 2.099069 ms)

AssetImportParameters requested are different than current active one (requested -> active):
  custom:video-decoder-ogg-theora: a1e56fd34408186e4bbccfd4996cb3dc -> 
  custom:container-muxer-webm: aa71ff27fc2769a1b78a27578f13a17b -> 
  custom:container-demuxer-webm: 4f35f7cbe854078d1ac9338744f61a02 -> 
  custom:container-demuxer-ogg: 62fdf1f143b41e24485cea50d1cbac27 -> 
  custom:video-encoder-webm-vp8: eb34c28f22e8b96e1ab97ce403110664 -> 
  custom:framework-osx-AVFoundation: b23960f63f64bdc6ff669e2cdcee2391 -> 
  custom:video-decoder-webm-vp8: 9c59270c3fd7afecdb556c50c9e8de78 -> 
  custom:audio-decoder-ogg-vorbis: bf7c407c2cedff20999df2af8eb42d56 -> 
  custom:audio-encoder-webm-vorbis: bf7c407c2cedff20999df2af8eb42d56 -> 
