
=== Fri Nov 23 01:02:22 2018

Packages were changed.
Update Mode: mergeDefaultDependencies

The following packages were updated:
  com.unity.package-manager-ui from version 2.0.0-preview.7 to 2.1.0-preview.1

=== Sat Dec  8 18:09:14 2018

Packages were changed.
Update Mode: updateDependencies

The following packages were updated:
  com.unity.analytics from version 3.0.9 to 3.2.2
  com.unity.package-manager-ui from version 2.1.0-preview.1 to 0.0.0-builtin

=== Sun Jan 20 09:00:38 2019

Packages were changed.
Update Mode: updateDependencies

The following packages were updated:
  com.unity.collab-proxy from version 1.2.9 to 1.2.15
  com.unity.package-manager-ui from version 0.0.0-builtin to 2.1.1

=== Sat Feb  2 22:18:34 2019

Packages were changed.
Update Mode: updateDependencies

The following packages were updated:
  com.unity.purchasing from version 2.0.1 to 2.0.3

=== Mon Mar 25 02:17:18 2019

Packages were changed.
Update Mode: updateDependencies

The following packages were updated:
  com.unity.package-manager-ui from version 2.0.3 to 2.0.7
